ARM GAS  /tmp/ccSOegks.s 			page 1


   1              		.cpu cortex-m4
   2              		.eabi_attribute 27, 1
   3              		.eabi_attribute 28, 1
   4              		.eabi_attribute 20, 1
   5              		.eabi_attribute 21, 1
   6              		.eabi_attribute 23, 3
   7              		.eabi_attribute 24, 1
   8              		.eabi_attribute 25, 1
   9              		.eabi_attribute 26, 1
  10              		.eabi_attribute 30, 6
  11              		.eabi_attribute 34, 1
  12              		.eabi_attribute 18, 4
  13              		.file	"mailbox.c"
  14              		.text
  15              	.Ltext0:
  16              		.cfi_sections	.debug_frame
  17              		.section	.text.ConstructMailBox,"ax",%progbits
  18              		.align	1
  19              		.global	ConstructMailBox
  20              		.syntax unified
  21              		.thumb
  22              		.thumb_func
  23              		.fpu fpv4-sp-d16
  25              	ConstructMailBox:
  26              	.LFB0:
  27              		.file 1 "Src/mailbox.c"
   1:Src/mailbox.c **** /*
   2:Src/mailbox.c ****  * mailbox.c
   3:Src/mailbox.c ****  *
   4:Src/mailbox.c ****  *  Created on: Nov 30, 2016
   5:Src/mailbox.c ****  *      Author: tarciso
   6:Src/mailbox.c ****  */
   7:Src/mailbox.c **** 
   8:Src/mailbox.c **** 
   9:Src/mailbox.c **** #include <stdlib.h>
  10:Src/mailbox.c **** #include "mailbox.h"
  11:Src/mailbox.c **** #include "stddef.h"
  12:Src/mailbox.c **** 
  13:Src/mailbox.c **** MailBox ConstructMailBox(){
  28              		.loc 1 13 0
  29              		.cfi_startproc
  30              		@ args = 0, pretend = 0, frame = 32
  31              		@ frame_needed = 1, uses_anonymous_args = 0
  32              		@ link register save eliminated.
  33 0000 B0B4     		push	{r4, r5, r7}
  34              	.LCFI0:
  35              		.cfi_def_cfa_offset 12
  36              		.cfi_offset 4, -12
  37              		.cfi_offset 5, -8
  38              		.cfi_offset 7, -4
  39 0002 89B0     		sub	sp, sp, #36
  40              	.LCFI1:
  41              		.cfi_def_cfa_offset 48
  42 0004 00AF     		add	r7, sp, #0
  43              	.LCFI2:
  44              		.cfi_def_cfa_register 7
  45 0006 7860     		str	r0, [r7, #4]
ARM GAS  /tmp/ccSOegks.s 			page 2


  14:Src/mailbox.c ****   MailBox mailbox = {.dataMail = 0, .size = 0, .s = { .counter = 1, .waitList = 0 }};
  46              		.loc 1 14 0
  47 0008 0123     		movs	r3, #1
  48 000a 3B72     		strb	r3, [r7, #8]
  49 000c 4FF00003 		mov	r3, #0
  50 0010 4FF00004 		mov	r4, #0
  51 0014 C7E90434 		strd	r3, [r7, #16]
  52 0018 0023     		movs	r3, #0
  53 001a 3B76     		strb	r3, [r7, #24]
  54 001c 0023     		movs	r3, #0
  55 001e 7B76     		strb	r3, [r7, #25]
  15:Src/mailbox.c ****   return mailbox;
  56              		.loc 1 15 0
  57 0020 7B68     		ldr	r3, [r7, #4]
  58 0022 1D46     		mov	r5, r3
  59 0024 07F10804 		add	r4, r7, #8
  60 0028 0FCC     		ldmia	r4!, {r0, r1, r2, r3}
  61 002a 0FC5     		stmia	r5!, {r0, r1, r2, r3}
  62 002c 94E80300 		ldm	r4, {r0, r1}
  63 0030 85E80300 		stm	r5, {r0, r1}
  16:Src/mailbox.c **** }
  64              		.loc 1 16 0
  65 0034 7868     		ldr	r0, [r7, #4]
  66 0036 2437     		adds	r7, r7, #36
  67              	.LCFI3:
  68              		.cfi_def_cfa_offset 12
  69 0038 BD46     		mov	sp, r7
  70              	.LCFI4:
  71              		.cfi_def_cfa_register 13
  72              		@ sp needed
  73 003a B0BC     		pop	{r4, r5, r7}
  74              	.LCFI5:
  75              		.cfi_restore 7
  76              		.cfi_restore 5
  77              		.cfi_restore 4
  78              		.cfi_def_cfa_offset 0
  79 003c 7047     		bx	lr
  80              		.cfi_endproc
  81              	.LFE0:
  83              		.section	.text.DestructMailBox,"ax",%progbits
  84              		.align	1
  85              		.global	DestructMailBox
  86              		.syntax unified
  87              		.thumb
  88              		.thumb_func
  89              		.fpu fpv4-sp-d16
  91              	DestructMailBox:
  92              	.LFB1:
  17:Src/mailbox.c **** 
  18:Src/mailbox.c **** void DestructMailBox(MailBox *mailbox){
  93              		.loc 1 18 0
  94              		.cfi_startproc
  95              		@ args = 0, pretend = 0, frame = 8
  96              		@ frame_needed = 1, uses_anonymous_args = 0
  97 0000 80B5     		push	{r7, lr}
  98              	.LCFI6:
  99              		.cfi_def_cfa_offset 8
ARM GAS  /tmp/ccSOegks.s 			page 3


 100              		.cfi_offset 7, -8
 101              		.cfi_offset 14, -4
 102 0002 82B0     		sub	sp, sp, #8
 103              	.LCFI7:
 104              		.cfi_def_cfa_offset 16
 105 0004 00AF     		add	r7, sp, #0
 106              	.LCFI8:
 107              		.cfi_def_cfa_register 7
 108 0006 7860     		str	r0, [r7, #4]
  19:Src/mailbox.c ****   while(!isEmpty(mailbox)){
 109              		.loc 1 19 0
 110 0008 02E0     		b	.L4
 111              	.L5:
  20:Src/mailbox.c ****     get(mailbox);
 112              		.loc 1 20 0
 113 000a 7868     		ldr	r0, [r7, #4]
 114 000c FFF7FEFF 		bl	get
 115              	.L4:
  19:Src/mailbox.c ****   while(!isEmpty(mailbox)){
 116              		.loc 1 19 0
 117 0010 7868     		ldr	r0, [r7, #4]
 118 0012 FFF7FEFF 		bl	isEmpty
 119 0016 0346     		mov	r3, r0
 120 0018 002B     		cmp	r3, #0
 121 001a F6D0     		beq	.L5
  21:Src/mailbox.c ****   }
  22:Src/mailbox.c ****   free(mailbox);
 122              		.loc 1 22 0
 123 001c 7868     		ldr	r0, [r7, #4]
 124 001e FFF7FEFF 		bl	free
  23:Src/mailbox.c **** }
 125              		.loc 1 23 0
 126 0022 00BF     		nop
 127 0024 0837     		adds	r7, r7, #8
 128              	.LCFI9:
 129              		.cfi_def_cfa_offset 8
 130 0026 BD46     		mov	sp, r7
 131              	.LCFI10:
 132              		.cfi_def_cfa_register 13
 133              		@ sp needed
 134 0028 80BD     		pop	{r7, pc}
 135              		.cfi_endproc
 136              	.LFE1:
 138              		.section	.text.put,"ax",%progbits
 139              		.align	1
 140              		.global	put
 141              		.syntax unified
 142              		.thumb
 143              		.thumb_func
 144              		.fpu fpv4-sp-d16
 146              	put:
 147              	.LFB2:
  24:Src/mailbox.c **** 
  25:Src/mailbox.c **** int put(MailBox *mailbox, char data){
 148              		.loc 1 25 0
 149              		.cfi_startproc
 150              		@ args = 0, pretend = 0, frame = 8
ARM GAS  /tmp/ccSOegks.s 			page 4


 151              		@ frame_needed = 1, uses_anonymous_args = 0
 152              		@ link register save eliminated.
 153 0000 80B4     		push	{r7}
 154              	.LCFI11:
 155              		.cfi_def_cfa_offset 4
 156              		.cfi_offset 7, -4
 157 0002 83B0     		sub	sp, sp, #12
 158              	.LCFI12:
 159              		.cfi_def_cfa_offset 16
 160 0004 00AF     		add	r7, sp, #0
 161              	.LCFI13:
 162              		.cfi_def_cfa_register 7
 163 0006 7860     		str	r0, [r7, #4]
 164 0008 0B46     		mov	r3, r1
 165 000a FB70     		strb	r3, [r7, #3]
  26:Src/mailbox.c ****   if((mailbox == NULL) || (&data == NULL)){
 166              		.loc 1 26 0
 167 000c 7B68     		ldr	r3, [r7, #4]
 168 000e 002B     		cmp	r3, #0
 169 0010 01D1     		bne	.L7
  27:Src/mailbox.c ****     return FALSE;
 170              		.loc 1 27 0
 171 0012 0023     		movs	r3, #0
 172 0014 13E0     		b	.L8
 173              	.L7:
  28:Src/mailbox.c ****   }
  29:Src/mailbox.c ****   if(mailbox->size >=1){
 174              		.loc 1 29 0
 175 0016 7B68     		ldr	r3, [r7, #4]
 176 0018 5B7C     		ldrb	r3, [r3, #17]	@ zero_extendqisi2
 177 001a 002B     		cmp	r3, #0
 178 001c 01D0     		beq	.L9
  30:Src/mailbox.c ****     return FALSE;
 179              		.loc 1 30 0
 180 001e 0023     		movs	r3, #0
 181 0020 0DE0     		b	.L8
 182              	.L9:
  31:Src/mailbox.c ****   }
  32:Src/mailbox.c **** 
  33:Src/mailbox.c ****   if(mailbox->size == 0){
 183              		.loc 1 33 0
 184 0022 7B68     		ldr	r3, [r7, #4]
 185 0024 5B7C     		ldrb	r3, [r3, #17]	@ zero_extendqisi2
 186 0026 002B     		cmp	r3, #0
 187 0028 08D1     		bne	.L10
  34:Src/mailbox.c ****     mailbox->dataMail = data;
 188              		.loc 1 34 0
 189 002a FA78     		ldrb	r2, [r7, #3]	@ zero_extendqisi2
 190 002c 7B68     		ldr	r3, [r7, #4]
 191 002e 1A74     		strb	r2, [r3, #16]
  35:Src/mailbox.c ****     mailbox->size++;
 192              		.loc 1 35 0
 193 0030 7B68     		ldr	r3, [r7, #4]
 194 0032 5B7C     		ldrb	r3, [r3, #17]	@ zero_extendqisi2
 195 0034 0133     		adds	r3, r3, #1
 196 0036 DAB2     		uxtb	r2, r3
 197 0038 7B68     		ldr	r3, [r7, #4]
ARM GAS  /tmp/ccSOegks.s 			page 5


 198 003a 5A74     		strb	r2, [r3, #17]
 199              	.L10:
  36:Src/mailbox.c ****   }
  37:Src/mailbox.c **** 
  38:Src/mailbox.c ****   return TRUE;
 200              		.loc 1 38 0
 201 003c 0123     		movs	r3, #1
 202              	.L8:
  39:Src/mailbox.c **** }
 203              		.loc 1 39 0
 204 003e 1846     		mov	r0, r3
 205 0040 0C37     		adds	r7, r7, #12
 206              	.LCFI14:
 207              		.cfi_def_cfa_offset 4
 208 0042 BD46     		mov	sp, r7
 209              	.LCFI15:
 210              		.cfi_def_cfa_register 13
 211              		@ sp needed
 212 0044 5DF8047B 		ldr	r7, [sp], #4
 213              	.LCFI16:
 214              		.cfi_restore 7
 215              		.cfi_def_cfa_offset 0
 216 0048 7047     		bx	lr
 217              		.cfi_endproc
 218              	.LFE2:
 220              		.section	.text.get,"ax",%progbits
 221              		.align	1
 222              		.global	get
 223              		.syntax unified
 224              		.thumb
 225              		.thumb_func
 226              		.fpu fpv4-sp-d16
 228              	get:
 229              	.LFB3:
  40:Src/mailbox.c **** 
  41:Src/mailbox.c **** char get(MailBox *mailbox){
 230              		.loc 1 41 0
 231              		.cfi_startproc
 232              		@ args = 0, pretend = 0, frame = 16
 233              		@ frame_needed = 1, uses_anonymous_args = 0
 234              		@ link register save eliminated.
 235 0000 80B4     		push	{r7}
 236              	.LCFI17:
 237              		.cfi_def_cfa_offset 4
 238              		.cfi_offset 7, -4
 239 0002 85B0     		sub	sp, sp, #20
 240              	.LCFI18:
 241              		.cfi_def_cfa_offset 24
 242 0004 00AF     		add	r7, sp, #0
 243              	.LCFI19:
 244              		.cfi_def_cfa_register 7
 245 0006 7860     		str	r0, [r7, #4]
  42:Src/mailbox.c ****   char data = 0x00;
 246              		.loc 1 42 0
 247 0008 0023     		movs	r3, #0
 248 000a FB73     		strb	r3, [r7, #15]
  43:Src/mailbox.c ****   if(mailbox->size <= 0 ){
ARM GAS  /tmp/ccSOegks.s 			page 6


 249              		.loc 1 43 0
 250 000c 7B68     		ldr	r3, [r7, #4]
 251 000e 5B7C     		ldrb	r3, [r3, #17]	@ zero_extendqisi2
 252 0010 002B     		cmp	r3, #0
 253 0012 01D1     		bne	.L12
  44:Src/mailbox.c ****     return NULL;
 254              		.loc 1 44 0
 255 0014 0023     		movs	r3, #0
 256 0016 0CE0     		b	.L13
 257              	.L12:
  45:Src/mailbox.c ****   }
  46:Src/mailbox.c ****   mailbox->size--;
 258              		.loc 1 46 0
 259 0018 7B68     		ldr	r3, [r7, #4]
 260 001a 5B7C     		ldrb	r3, [r3, #17]	@ zero_extendqisi2
 261 001c 013B     		subs	r3, r3, #1
 262 001e DAB2     		uxtb	r2, r3
 263 0020 7B68     		ldr	r3, [r7, #4]
 264 0022 5A74     		strb	r2, [r3, #17]
  47:Src/mailbox.c ****   data = mailbox->dataMail;
 265              		.loc 1 47 0
 266 0024 7B68     		ldr	r3, [r7, #4]
 267 0026 1B7C     		ldrb	r3, [r3, #16]
 268 0028 FB73     		strb	r3, [r7, #15]
  48:Src/mailbox.c ****   mailbox->dataMail = NULL;
 269              		.loc 1 48 0
 270 002a 7B68     		ldr	r3, [r7, #4]
 271 002c 0022     		movs	r2, #0
 272 002e 1A74     		strb	r2, [r3, #16]
  49:Src/mailbox.c ****   return data;
 273              		.loc 1 49 0
 274 0030 FB7B     		ldrb	r3, [r7, #15]	@ zero_extendqisi2
 275              	.L13:
  50:Src/mailbox.c **** }
 276              		.loc 1 50 0
 277 0032 1846     		mov	r0, r3
 278 0034 1437     		adds	r7, r7, #20
 279              	.LCFI20:
 280              		.cfi_def_cfa_offset 4
 281 0036 BD46     		mov	sp, r7
 282              	.LCFI21:
 283              		.cfi_def_cfa_register 13
 284              		@ sp needed
 285 0038 5DF8047B 		ldr	r7, [sp], #4
 286              	.LCFI22:
 287              		.cfi_restore 7
 288              		.cfi_def_cfa_offset 0
 289 003c 7047     		bx	lr
 290              		.cfi_endproc
 291              	.LFE3:
 293              		.section	.text.isEmpty,"ax",%progbits
 294              		.align	1
 295              		.global	isEmpty
 296              		.syntax unified
 297              		.thumb
 298              		.thumb_func
 299              		.fpu fpv4-sp-d16
ARM GAS  /tmp/ccSOegks.s 			page 7


 301              	isEmpty:
 302              	.LFB4:
  51:Src/mailbox.c **** 
  52:Src/mailbox.c **** int isEmpty(MailBox *mailbox){
 303              		.loc 1 52 0
 304              		.cfi_startproc
 305              		@ args = 0, pretend = 0, frame = 8
 306              		@ frame_needed = 1, uses_anonymous_args = 0
 307              		@ link register save eliminated.
 308 0000 80B4     		push	{r7}
 309              	.LCFI23:
 310              		.cfi_def_cfa_offset 4
 311              		.cfi_offset 7, -4
 312 0002 83B0     		sub	sp, sp, #12
 313              	.LCFI24:
 314              		.cfi_def_cfa_offset 16
 315 0004 00AF     		add	r7, sp, #0
 316              	.LCFI25:
 317              		.cfi_def_cfa_register 7
 318 0006 7860     		str	r0, [r7, #4]
  53:Src/mailbox.c ****   if(mailbox == NULL){
 319              		.loc 1 53 0
 320 0008 7B68     		ldr	r3, [r7, #4]
 321 000a 002B     		cmp	r3, #0
 322 000c 01D1     		bne	.L15
  54:Src/mailbox.c ****     return FALSE;
 323              		.loc 1 54 0
 324 000e 0023     		movs	r3, #0
 325 0010 06E0     		b	.L16
 326              	.L15:
  55:Src/mailbox.c ****   }
  56:Src/mailbox.c ****   if(mailbox->size == 0){
 327              		.loc 1 56 0
 328 0012 7B68     		ldr	r3, [r7, #4]
 329 0014 5B7C     		ldrb	r3, [r3, #17]	@ zero_extendqisi2
 330 0016 002B     		cmp	r3, #0
 331 0018 01D1     		bne	.L17
  57:Src/mailbox.c ****     return TRUE;
 332              		.loc 1 57 0
 333 001a 0123     		movs	r3, #1
 334 001c 00E0     		b	.L16
 335              	.L17:
  58:Src/mailbox.c ****   }else{
  59:Src/mailbox.c ****     return FALSE;
 336              		.loc 1 59 0
 337 001e 0023     		movs	r3, #0
 338              	.L16:
  60:Src/mailbox.c ****   }
  61:Src/mailbox.c **** }
 339              		.loc 1 61 0
 340 0020 1846     		mov	r0, r3
 341 0022 0C37     		adds	r7, r7, #12
 342              	.LCFI26:
 343              		.cfi_def_cfa_offset 4
 344 0024 BD46     		mov	sp, r7
 345              	.LCFI27:
 346              		.cfi_def_cfa_register 13
ARM GAS  /tmp/ccSOegks.s 			page 8


 347              		@ sp needed
 348 0026 5DF8047B 		ldr	r7, [sp], #4
 349              	.LCFI28:
 350              		.cfi_restore 7
 351              		.cfi_def_cfa_offset 0
 352 002a 7047     		bx	lr
 353              		.cfi_endproc
 354              	.LFE4:
 356              		.text
 357              	.Letext0:
 358              		.file 2 "/usr/arm-none-eabi/include/machine/_default_types.h"
 359              		.file 3 "/usr/arm-none-eabi/include/sys/lock.h"
 360              		.file 4 "/usr/arm-none-eabi/include/sys/_types.h"
 361              		.file 5 "/usr/lib/gcc/arm-none-eabi/6.2.0/include/stddef.h"
 362              		.file 6 "/usr/arm-none-eabi/include/sys/reent.h"
 363              		.file 7 "/usr/arm-none-eabi/include/sys/_stdint.h"
 364              		.file 8 "Inc/uintx.h"
 365              		.file 9 "Inc/semaphore.h"
 366              		.file 10 "Inc/mailbox.h"
ARM GAS  /tmp/ccSOegks.s 			page 9


DEFINED SYMBOLS
                            *ABS*:0000000000000000 mailbox.c
     /tmp/ccSOegks.s:18     .text.ConstructMailBox:0000000000000000 $t
     /tmp/ccSOegks.s:25     .text.ConstructMailBox:0000000000000000 ConstructMailBox
     /tmp/ccSOegks.s:84     .text.DestructMailBox:0000000000000000 $t
     /tmp/ccSOegks.s:91     .text.DestructMailBox:0000000000000000 DestructMailBox
     /tmp/ccSOegks.s:228    .text.get:0000000000000000 get
     /tmp/ccSOegks.s:301    .text.isEmpty:0000000000000000 isEmpty
     /tmp/ccSOegks.s:139    .text.put:0000000000000000 $t
     /tmp/ccSOegks.s:146    .text.put:0000000000000000 put
     /tmp/ccSOegks.s:221    .text.get:0000000000000000 $t
     /tmp/ccSOegks.s:294    .text.isEmpty:0000000000000000 $t
                     .debug_frame:0000000000000010 $d

UNDEFINED SYMBOLS
free
