ARM GAS  /tmp/ccpC090Q.s 			page 1


   1              		.cpu cortex-m4
   2              		.eabi_attribute 27, 1
   3              		.eabi_attribute 28, 1
   4              		.eabi_attribute 20, 1
   5              		.eabi_attribute 21, 1
   6              		.eabi_attribute 23, 3
   7              		.eabi_attribute 24, 1
   8              		.eabi_attribute 25, 1
   9              		.eabi_attribute 26, 1
  10              		.eabi_attribute 30, 6
  11              		.eabi_attribute 34, 1
  12              		.eabi_attribute 18, 4
  13              		.file	"sst_port.c"
  14              		.text
  15              	.Ltext0:
  16              		.cfi_sections	.debug_frame
  17              		.comm	pendsv_counter,4,4
  18              	.Letext0:
  19              		.file 1 "/usr/arm-none-eabi/include/machine/_default_types.h"
  20              		.file 2 "/usr/arm-none-eabi/include/sys/_stdint.h"
  21              		.file 3 "Drivers/CMSIS/Include/core_cm4.h"
  22              		.file 4 "Drivers/CMSIS/Device/ST/STM32L4xx/Include/system_stm32l4xx.h"
  23              		.file 5 "/usr/arm-none-eabi/include/sys/lock.h"
  24              		.file 6 "/usr/arm-none-eabi/include/sys/_types.h"
  25              		.file 7 "/usr/lib/gcc/arm-none-eabi/6.2.0/include/stddef.h"
  26              		.file 8 "/usr/arm-none-eabi/include/sys/reent.h"
  27              		.file 9 "Inc/uintx.h"
  28              		.file 10 "Inc/semaphore.h"
  29              		.file 11 "Inc/mailbox.h"
  30              		.file 12 "Inc/sst.h"
  31              		.file 13 "Src/sst_port.c"
ARM GAS  /tmp/ccpC090Q.s 			page 2


DEFINED SYMBOLS
                            *ABS*:0000000000000000 sst_port.c
                            *COM*:0000000000000004 pendsv_counter

NO UNDEFINED SYMBOLS
