ARM GAS  /tmp/ccek87Pe.s 			page 1


   1              		.cpu cortex-m4
   2              		.eabi_attribute 27, 1
   3              		.eabi_attribute 28, 1
   4              		.eabi_attribute 20, 1
   5              		.eabi_attribute 21, 1
   6              		.eabi_attribute 23, 3
   7              		.eabi_attribute 24, 1
   8              		.eabi_attribute 25, 1
   9              		.eabi_attribute 26, 1
  10              		.eabi_attribute 30, 6
  11              		.eabi_attribute 34, 1
  12              		.eabi_attribute 18, 4
  13              		.file	"stm32l4xx_hal_msp.c"
  14              		.text
  15              	.Ltext0:
  16              		.cfi_sections	.debug_frame
  17              		.section	.text.HAL_MspInit,"ax",%progbits
  18              		.align	1
  19              		.global	HAL_MspInit
  20              		.syntax unified
  21              		.thumb
  22              		.thumb_func
  23              		.fpu fpv4-sp-d16
  25              	HAL_MspInit:
  26              	.LFB126:
  27              		.file 1 "Src/stm32l4xx_hal_msp.c"
   1:Src/stm32l4xx_hal_msp.c **** /**
   2:Src/stm32l4xx_hal_msp.c ****   ******************************************************************************
   3:Src/stm32l4xx_hal_msp.c ****   * File Name          : stm32l4xx_hal_msp.c
   4:Src/stm32l4xx_hal_msp.c ****   * Description        : This file provides code for the MSP Initialization 
   5:Src/stm32l4xx_hal_msp.c ****   *                      and de-Initialization codes.
   6:Src/stm32l4xx_hal_msp.c ****   ******************************************************************************
   7:Src/stm32l4xx_hal_msp.c ****   *
   8:Src/stm32l4xx_hal_msp.c ****   * COPYRIGHT(c) 2016 STMicroelectronics
   9:Src/stm32l4xx_hal_msp.c ****   *
  10:Src/stm32l4xx_hal_msp.c ****   * Redistribution and use in source and binary forms, with or without modification,
  11:Src/stm32l4xx_hal_msp.c ****   * are permitted provided that the following conditions are met:
  12:Src/stm32l4xx_hal_msp.c ****   *   1. Redistributions of source code must retain the above copyright notice,
  13:Src/stm32l4xx_hal_msp.c ****   *      this list of conditions and the following disclaimer.
  14:Src/stm32l4xx_hal_msp.c ****   *   2. Redistributions in binary form must reproduce the above copyright notice,
  15:Src/stm32l4xx_hal_msp.c ****   *      this list of conditions and the following disclaimer in the documentation
  16:Src/stm32l4xx_hal_msp.c ****   *      and/or other materials provided with the distribution.
  17:Src/stm32l4xx_hal_msp.c ****   *   3. Neither the name of STMicroelectronics nor the names of its contributors
  18:Src/stm32l4xx_hal_msp.c ****   *      may be used to endorse or promote products derived from this software
  19:Src/stm32l4xx_hal_msp.c ****   *      without specific prior written permission.
  20:Src/stm32l4xx_hal_msp.c ****   *
  21:Src/stm32l4xx_hal_msp.c ****   * THIS SOFTWARE IS PROVIDED BY THE COPYRIGHT HOLDERS AND CONTRIBUTORS "AS IS"
  22:Src/stm32l4xx_hal_msp.c ****   * AND ANY EXPRESS OR IMPLIED WARRANTIES, INCLUDING, BUT NOT LIMITED TO, THE
  23:Src/stm32l4xx_hal_msp.c ****   * IMPLIED WARRANTIES OF MERCHANTABILITY AND FITNESS FOR A PARTICULAR PURPOSE ARE
  24:Src/stm32l4xx_hal_msp.c ****   * DISCLAIMED. IN NO EVENT SHALL THE COPYRIGHT HOLDER OR CONTRIBUTORS BE LIABLE
  25:Src/stm32l4xx_hal_msp.c ****   * FOR ANY DIRECT, INDIRECT, INCIDENTAL, SPECIAL, EXEMPLARY, OR CONSEQUENTIAL
  26:Src/stm32l4xx_hal_msp.c ****   * DAMAGES (INCLUDING, BUT NOT LIMITED TO, PROCUREMENT OF SUBSTITUTE GOODS OR
  27:Src/stm32l4xx_hal_msp.c ****   * SERVICES; LOSS OF USE, DATA, OR PROFITS; OR BUSINESS INTERRUPTION) HOWEVER
  28:Src/stm32l4xx_hal_msp.c ****   * CAUSED AND ON ANY THEORY OF LIABILITY, WHETHER IN CONTRACT, STRICT LIABILITY,
  29:Src/stm32l4xx_hal_msp.c ****   * OR TORT (INCLUDING NEGLIGENCE OR OTHERWISE) ARISING IN ANY WAY OUT OF THE USE
  30:Src/stm32l4xx_hal_msp.c ****   * OF THIS SOFTWARE, EVEN IF ADVISED OF THE POSSIBILITY OF SUCH DAMAGE.
  31:Src/stm32l4xx_hal_msp.c ****   *
ARM GAS  /tmp/ccek87Pe.s 			page 2


  32:Src/stm32l4xx_hal_msp.c ****   ******************************************************************************
  33:Src/stm32l4xx_hal_msp.c ****   */
  34:Src/stm32l4xx_hal_msp.c **** /* Includes ------------------------------------------------------------------*/
  35:Src/stm32l4xx_hal_msp.c **** #include "stm32l4xx_hal.h"
  36:Src/stm32l4xx_hal_msp.c **** 
  37:Src/stm32l4xx_hal_msp.c **** extern void Error_Handler(void);
  38:Src/stm32l4xx_hal_msp.c **** /* USER CODE BEGIN 0 */
  39:Src/stm32l4xx_hal_msp.c **** 
  40:Src/stm32l4xx_hal_msp.c **** /* USER CODE END 0 */
  41:Src/stm32l4xx_hal_msp.c **** 
  42:Src/stm32l4xx_hal_msp.c **** /**
  43:Src/stm32l4xx_hal_msp.c ****   * Initializes the Global MSP.
  44:Src/stm32l4xx_hal_msp.c ****   */
  45:Src/stm32l4xx_hal_msp.c **** void HAL_MspInit(void)
  46:Src/stm32l4xx_hal_msp.c **** {
  28              		.loc 1 46 0
  29              		.cfi_startproc
  30              		@ args = 0, pretend = 0, frame = 8
  31              		@ frame_needed = 1, uses_anonymous_args = 0
  32 0000 80B5     		push	{r7, lr}
  33              	.LCFI0:
  34              		.cfi_def_cfa_offset 8
  35              		.cfi_offset 7, -8
  36              		.cfi_offset 14, -4
  37 0002 82B0     		sub	sp, sp, #8
  38              	.LCFI1:
  39              		.cfi_def_cfa_offset 16
  40 0004 00AF     		add	r7, sp, #0
  41              	.LCFI2:
  42              		.cfi_def_cfa_register 7
  43              	.LBB2:
  47:Src/stm32l4xx_hal_msp.c ****   /* USER CODE BEGIN MspInit 0 */
  48:Src/stm32l4xx_hal_msp.c **** 
  49:Src/stm32l4xx_hal_msp.c ****   /* USER CODE END MspInit 0 */
  50:Src/stm32l4xx_hal_msp.c **** 
  51:Src/stm32l4xx_hal_msp.c ****   __HAL_RCC_SYSCFG_CLK_ENABLE();
  44              		.loc 1 51 0
  45 0006 1E4A     		ldr	r2, .L2
  46 0008 1D4B     		ldr	r3, .L2
  47 000a 1B6E     		ldr	r3, [r3, #96]
  48 000c 43F00103 		orr	r3, r3, #1
  49 0010 1366     		str	r3, [r2, #96]
  50 0012 1B4B     		ldr	r3, .L2
  51 0014 1B6E     		ldr	r3, [r3, #96]
  52 0016 03F00103 		and	r3, r3, #1
  53 001a 7B60     		str	r3, [r7, #4]
  54 001c 7B68     		ldr	r3, [r7, #4]
  55              	.LBE2:
  52:Src/stm32l4xx_hal_msp.c **** 
  53:Src/stm32l4xx_hal_msp.c ****   HAL_NVIC_SetPriorityGrouping(NVIC_PRIORITYGROUP_4);
  56              		.loc 1 53 0
  57 001e 0320     		movs	r0, #3
  58 0020 FFF7FEFF 		bl	HAL_NVIC_SetPriorityGrouping
  54:Src/stm32l4xx_hal_msp.c **** 
  55:Src/stm32l4xx_hal_msp.c ****   /* System interrupt init*/
  56:Src/stm32l4xx_hal_msp.c ****   /* MemoryManagement_IRQn interrupt configuration */
  57:Src/stm32l4xx_hal_msp.c ****   HAL_NVIC_SetPriority(MemoryManagement_IRQn, 0, 0);
ARM GAS  /tmp/ccek87Pe.s 			page 3


  59              		.loc 1 57 0
  60 0024 0022     		movs	r2, #0
  61 0026 0021     		movs	r1, #0
  62 0028 6FF00B00 		mvn	r0, #11
  63 002c FFF7FEFF 		bl	HAL_NVIC_SetPriority
  58:Src/stm32l4xx_hal_msp.c ****   /* BusFault_IRQn interrupt configuration */
  59:Src/stm32l4xx_hal_msp.c ****   HAL_NVIC_SetPriority(BusFault_IRQn, 0, 0);
  64              		.loc 1 59 0
  65 0030 0022     		movs	r2, #0
  66 0032 0021     		movs	r1, #0
  67 0034 6FF00A00 		mvn	r0, #10
  68 0038 FFF7FEFF 		bl	HAL_NVIC_SetPriority
  60:Src/stm32l4xx_hal_msp.c ****   /* UsageFault_IRQn interrupt configuration */
  61:Src/stm32l4xx_hal_msp.c ****   HAL_NVIC_SetPriority(UsageFault_IRQn, 0, 0);
  69              		.loc 1 61 0
  70 003c 0022     		movs	r2, #0
  71 003e 0021     		movs	r1, #0
  72 0040 6FF00900 		mvn	r0, #9
  73 0044 FFF7FEFF 		bl	HAL_NVIC_SetPriority
  62:Src/stm32l4xx_hal_msp.c ****   /* SVCall_IRQn interrupt configuration */
  63:Src/stm32l4xx_hal_msp.c ****   HAL_NVIC_SetPriority(SVCall_IRQn, 0, 0);
  74              		.loc 1 63 0
  75 0048 0022     		movs	r2, #0
  76 004a 0021     		movs	r1, #0
  77 004c 6FF00400 		mvn	r0, #4
  78 0050 FFF7FEFF 		bl	HAL_NVIC_SetPriority
  64:Src/stm32l4xx_hal_msp.c ****   /* DebugMonitor_IRQn interrupt configuration */
  65:Src/stm32l4xx_hal_msp.c ****   HAL_NVIC_SetPriority(DebugMonitor_IRQn, 0, 0);
  79              		.loc 1 65 0
  80 0054 0022     		movs	r2, #0
  81 0056 0021     		movs	r1, #0
  82 0058 6FF00300 		mvn	r0, #3
  83 005c FFF7FEFF 		bl	HAL_NVIC_SetPriority
  66:Src/stm32l4xx_hal_msp.c ****   /* PendSV_IRQn interrupt configuration */
  67:Src/stm32l4xx_hal_msp.c ****   HAL_NVIC_SetPriority(PendSV_IRQn, 0, 0);
  84              		.loc 1 67 0
  85 0060 0022     		movs	r2, #0
  86 0062 0021     		movs	r1, #0
  87 0064 6FF00100 		mvn	r0, #1
  88 0068 FFF7FEFF 		bl	HAL_NVIC_SetPriority
  68:Src/stm32l4xx_hal_msp.c ****   /* SysTick_IRQn interrupt configuration */
  69:Src/stm32l4xx_hal_msp.c ****   HAL_NVIC_SetPriority(SysTick_IRQn, 0, 0);
  89              		.loc 1 69 0
  90 006c 0022     		movs	r2, #0
  91 006e 0021     		movs	r1, #0
  92 0070 4FF0FF30 		mov	r0, #-1
  93 0074 FFF7FEFF 		bl	HAL_NVIC_SetPriority
  70:Src/stm32l4xx_hal_msp.c **** 
  71:Src/stm32l4xx_hal_msp.c ****   /* USER CODE BEGIN MspInit 1 */
  72:Src/stm32l4xx_hal_msp.c **** 
  73:Src/stm32l4xx_hal_msp.c ****   /* USER CODE END MspInit 1 */
  74:Src/stm32l4xx_hal_msp.c **** }
  94              		.loc 1 74 0
  95 0078 00BF     		nop
  96 007a 0837     		adds	r7, r7, #8
  97              	.LCFI3:
  98              		.cfi_def_cfa_offset 8
ARM GAS  /tmp/ccek87Pe.s 			page 4


  99 007c BD46     		mov	sp, r7
 100              	.LCFI4:
 101              		.cfi_def_cfa_register 13
 102              		@ sp needed
 103 007e 80BD     		pop	{r7, pc}
 104              	.L3:
 105              		.align	2
 106              	.L2:
 107 0080 00100240 		.word	1073876992
 108              		.cfi_endproc
 109              	.LFE126:
 111              		.text
 112              	.Letext0:
 113              		.file 2 "/usr/arm-none-eabi/include/machine/_default_types.h"
 114              		.file 3 "/usr/arm-none-eabi/include/sys/_stdint.h"
 115              		.file 4 "Drivers/CMSIS/Include/core_cm4.h"
 116              		.file 5 "Drivers/CMSIS/Device/ST/STM32L4xx/Include/system_stm32l4xx.h"
 117              		.file 6 "Drivers/CMSIS/Device/ST/STM32L4xx/Include/stm32l476xx.h"
 118              		.file 7 "/usr/arm-none-eabi/include/sys/lock.h"
 119              		.file 8 "/usr/arm-none-eabi/include/sys/_types.h"
 120              		.file 9 "/usr/lib/gcc/arm-none-eabi/6.2.0/include/stddef.h"
 121              		.file 10 "/usr/arm-none-eabi/include/sys/reent.h"
ARM GAS  /tmp/ccek87Pe.s 			page 5


DEFINED SYMBOLS
                            *ABS*:0000000000000000 stm32l4xx_hal_msp.c
     /tmp/ccek87Pe.s:18     .text.HAL_MspInit:0000000000000000 $t
     /tmp/ccek87Pe.s:25     .text.HAL_MspInit:0000000000000000 HAL_MspInit
     /tmp/ccek87Pe.s:107    .text.HAL_MspInit:0000000000000080 $d
                     .debug_frame:0000000000000010 $d

UNDEFINED SYMBOLS
HAL_NVIC_SetPriorityGrouping
HAL_NVIC_SetPriority
