ARM GAS  /tmp/ccwoXIBx.s 			page 1


   1              		.cpu cortex-m4
   2              		.eabi_attribute 27, 1
   3              		.eabi_attribute 28, 1
   4              		.eabi_attribute 20, 1
   5              		.eabi_attribute 21, 1
   6              		.eabi_attribute 23, 3
   7              		.eabi_attribute 24, 1
   8              		.eabi_attribute 25, 1
   9              		.eabi_attribute 26, 1
  10              		.eabi_attribute 30, 6
  11              		.eabi_attribute 34, 1
  12              		.eabi_attribute 18, 4
  13              		.file	"system_stm32l4xx.c"
  14              		.text
  15              	.Ltext0:
  16              		.cfi_sections	.debug_frame
  17              		.global	SystemCoreClock
  18              		.section	.data.SystemCoreClock,"aw",%progbits
  19              		.align	2
  22              	SystemCoreClock:
  23 0000 00093D00 		.word	4000000
  24              		.global	AHBPrescTable
  25              		.section	.rodata.AHBPrescTable,"a",%progbits
  26              		.align	2
  29              	AHBPrescTable:
  30 0000 00       		.byte	0
  31 0001 00       		.byte	0
  32 0002 00       		.byte	0
  33 0003 00       		.byte	0
  34 0004 00       		.byte	0
  35 0005 00       		.byte	0
  36 0006 00       		.byte	0
  37 0007 00       		.byte	0
  38 0008 01       		.byte	1
  39 0009 02       		.byte	2
  40 000a 03       		.byte	3
  41 000b 04       		.byte	4
  42 000c 06       		.byte	6
  43 000d 07       		.byte	7
  44 000e 08       		.byte	8
  45 000f 09       		.byte	9
  46              		.global	APBPrescTable
  47              		.section	.rodata.APBPrescTable,"a",%progbits
  48              		.align	2
  51              	APBPrescTable:
  52 0000 00       		.byte	0
  53 0001 00       		.byte	0
  54 0002 00       		.byte	0
  55 0003 00       		.byte	0
  56 0004 01       		.byte	1
  57 0005 02       		.byte	2
  58 0006 03       		.byte	3
  59 0007 04       		.byte	4
  60              		.global	MSIRangeTable
  61              		.section	.rodata.MSIRangeTable,"a",%progbits
  62              		.align	2
  65              	MSIRangeTable:
ARM GAS  /tmp/ccwoXIBx.s 			page 2


  66 0000 A0860100 		.word	100000
  67 0004 400D0300 		.word	200000
  68 0008 801A0600 		.word	400000
  69 000c 00350C00 		.word	800000
  70 0010 40420F00 		.word	1000000
  71 0014 80841E00 		.word	2000000
  72 0018 00093D00 		.word	4000000
  73 001c 00127A00 		.word	8000000
  74 0020 0024F400 		.word	16000000
  75 0024 00366E01 		.word	24000000
  76 0028 0048E801 		.word	32000000
  77 002c 006CDC02 		.word	48000000
  78              		.section	.text.SystemInit,"ax",%progbits
  79              		.align	1
  80              		.global	SystemInit
  81              		.syntax unified
  82              		.thumb
  83              		.thumb_func
  84              		.fpu fpv4-sp-d16
  86              	SystemInit:
  87              	.LFB126:
  88              		.file 1 "Drivers/CMSIS/Device/ST/STM32L4xx/Source/Templates/system_stm32l4xx.c"
   1:Drivers/CMSIS/Device/ST/STM32L4xx/Source/Templates/system_stm32l4xx.c **** /**
   2:Drivers/CMSIS/Device/ST/STM32L4xx/Source/Templates/system_stm32l4xx.c ****   ******************************************************************************
   3:Drivers/CMSIS/Device/ST/STM32L4xx/Source/Templates/system_stm32l4xx.c ****   * @file    system_stm32l4xx.c
   4:Drivers/CMSIS/Device/ST/STM32L4xx/Source/Templates/system_stm32l4xx.c ****   * @author  MCD Application Team
   5:Drivers/CMSIS/Device/ST/STM32L4xx/Source/Templates/system_stm32l4xx.c ****   * @version V1.1.2
   6:Drivers/CMSIS/Device/ST/STM32L4xx/Source/Templates/system_stm32l4xx.c ****   * @date    12-September-2016
   7:Drivers/CMSIS/Device/ST/STM32L4xx/Source/Templates/system_stm32l4xx.c ****   * @brief   CMSIS Cortex-M4 Device Peripheral Access Layer System Source File
   8:Drivers/CMSIS/Device/ST/STM32L4xx/Source/Templates/system_stm32l4xx.c ****   *
   9:Drivers/CMSIS/Device/ST/STM32L4xx/Source/Templates/system_stm32l4xx.c ****   *   This file provides two functions and one global variable to be called from
  10:Drivers/CMSIS/Device/ST/STM32L4xx/Source/Templates/system_stm32l4xx.c ****   *   user application:
  11:Drivers/CMSIS/Device/ST/STM32L4xx/Source/Templates/system_stm32l4xx.c ****   *      - SystemInit(): This function is called at startup just after reset and
  12:Drivers/CMSIS/Device/ST/STM32L4xx/Source/Templates/system_stm32l4xx.c ****   *                      before branch to main program. This call is made inside
  13:Drivers/CMSIS/Device/ST/STM32L4xx/Source/Templates/system_stm32l4xx.c ****   *                      the "startup_stm32l4xx.s" file.
  14:Drivers/CMSIS/Device/ST/STM32L4xx/Source/Templates/system_stm32l4xx.c ****   *
  15:Drivers/CMSIS/Device/ST/STM32L4xx/Source/Templates/system_stm32l4xx.c ****   *      - SystemCoreClock variable: Contains the core clock (HCLK), it can be used
  16:Drivers/CMSIS/Device/ST/STM32L4xx/Source/Templates/system_stm32l4xx.c ****   *                                  by the user application to setup the SysTick
  17:Drivers/CMSIS/Device/ST/STM32L4xx/Source/Templates/system_stm32l4xx.c ****   *                                  timer or configure other parameters.
  18:Drivers/CMSIS/Device/ST/STM32L4xx/Source/Templates/system_stm32l4xx.c ****   *
  19:Drivers/CMSIS/Device/ST/STM32L4xx/Source/Templates/system_stm32l4xx.c ****   *      - SystemCoreClockUpdate(): Updates the variable SystemCoreClock and must
  20:Drivers/CMSIS/Device/ST/STM32L4xx/Source/Templates/system_stm32l4xx.c ****   *                                 be called whenever the core clock is changed
  21:Drivers/CMSIS/Device/ST/STM32L4xx/Source/Templates/system_stm32l4xx.c ****   *                                 during program execution.
  22:Drivers/CMSIS/Device/ST/STM32L4xx/Source/Templates/system_stm32l4xx.c ****   *
  23:Drivers/CMSIS/Device/ST/STM32L4xx/Source/Templates/system_stm32l4xx.c ****   *   After each device reset the MSI (4 MHz) is used as system clock source.
  24:Drivers/CMSIS/Device/ST/STM32L4xx/Source/Templates/system_stm32l4xx.c ****   *   Then SystemInit() function is called, in "startup_stm32l4xx.s" file, to
  25:Drivers/CMSIS/Device/ST/STM32L4xx/Source/Templates/system_stm32l4xx.c ****   *   configure the system clock before to branch to main program.
  26:Drivers/CMSIS/Device/ST/STM32L4xx/Source/Templates/system_stm32l4xx.c ****   *
  27:Drivers/CMSIS/Device/ST/STM32L4xx/Source/Templates/system_stm32l4xx.c ****   *   This file configures the system clock as follows:
  28:Drivers/CMSIS/Device/ST/STM32L4xx/Source/Templates/system_stm32l4xx.c ****   *=============================================================================
  29:Drivers/CMSIS/Device/ST/STM32L4xx/Source/Templates/system_stm32l4xx.c ****   *-----------------------------------------------------------------------------
  30:Drivers/CMSIS/Device/ST/STM32L4xx/Source/Templates/system_stm32l4xx.c ****   *        System Clock source                    | MSI
  31:Drivers/CMSIS/Device/ST/STM32L4xx/Source/Templates/system_stm32l4xx.c ****   *-----------------------------------------------------------------------------
  32:Drivers/CMSIS/Device/ST/STM32L4xx/Source/Templates/system_stm32l4xx.c ****   *        SYSCLK(Hz)                             | 4000000
  33:Drivers/CMSIS/Device/ST/STM32L4xx/Source/Templates/system_stm32l4xx.c ****   *-----------------------------------------------------------------------------
  34:Drivers/CMSIS/Device/ST/STM32L4xx/Source/Templates/system_stm32l4xx.c ****   *        HCLK(Hz)                               | 4000000
  35:Drivers/CMSIS/Device/ST/STM32L4xx/Source/Templates/system_stm32l4xx.c ****   *-----------------------------------------------------------------------------
ARM GAS  /tmp/ccwoXIBx.s 			page 3


  36:Drivers/CMSIS/Device/ST/STM32L4xx/Source/Templates/system_stm32l4xx.c ****   *        AHB Prescaler                          | 1
  37:Drivers/CMSIS/Device/ST/STM32L4xx/Source/Templates/system_stm32l4xx.c ****   *-----------------------------------------------------------------------------
  38:Drivers/CMSIS/Device/ST/STM32L4xx/Source/Templates/system_stm32l4xx.c ****   *        APB1 Prescaler                         | 1
  39:Drivers/CMSIS/Device/ST/STM32L4xx/Source/Templates/system_stm32l4xx.c ****   *-----------------------------------------------------------------------------
  40:Drivers/CMSIS/Device/ST/STM32L4xx/Source/Templates/system_stm32l4xx.c ****   *        APB2 Prescaler                         | 1
  41:Drivers/CMSIS/Device/ST/STM32L4xx/Source/Templates/system_stm32l4xx.c ****   *-----------------------------------------------------------------------------
  42:Drivers/CMSIS/Device/ST/STM32L4xx/Source/Templates/system_stm32l4xx.c ****   *        PLL_M                                  | 1
  43:Drivers/CMSIS/Device/ST/STM32L4xx/Source/Templates/system_stm32l4xx.c ****   *-----------------------------------------------------------------------------
  44:Drivers/CMSIS/Device/ST/STM32L4xx/Source/Templates/system_stm32l4xx.c ****   *        PLL_N                                  | 8
  45:Drivers/CMSIS/Device/ST/STM32L4xx/Source/Templates/system_stm32l4xx.c ****   *-----------------------------------------------------------------------------
  46:Drivers/CMSIS/Device/ST/STM32L4xx/Source/Templates/system_stm32l4xx.c ****   *        PLL_P                                  | 7
  47:Drivers/CMSIS/Device/ST/STM32L4xx/Source/Templates/system_stm32l4xx.c ****   *-----------------------------------------------------------------------------
  48:Drivers/CMSIS/Device/ST/STM32L4xx/Source/Templates/system_stm32l4xx.c ****   *        PLL_Q                                  | 2
  49:Drivers/CMSIS/Device/ST/STM32L4xx/Source/Templates/system_stm32l4xx.c ****   *-----------------------------------------------------------------------------
  50:Drivers/CMSIS/Device/ST/STM32L4xx/Source/Templates/system_stm32l4xx.c ****   *        PLL_R                                  | 2
  51:Drivers/CMSIS/Device/ST/STM32L4xx/Source/Templates/system_stm32l4xx.c ****   *-----------------------------------------------------------------------------
  52:Drivers/CMSIS/Device/ST/STM32L4xx/Source/Templates/system_stm32l4xx.c ****   *        PLLSAI1_P                              | NA
  53:Drivers/CMSIS/Device/ST/STM32L4xx/Source/Templates/system_stm32l4xx.c ****   *-----------------------------------------------------------------------------
  54:Drivers/CMSIS/Device/ST/STM32L4xx/Source/Templates/system_stm32l4xx.c ****   *        PLLSAI1_Q                              | NA
  55:Drivers/CMSIS/Device/ST/STM32L4xx/Source/Templates/system_stm32l4xx.c ****   *-----------------------------------------------------------------------------
  56:Drivers/CMSIS/Device/ST/STM32L4xx/Source/Templates/system_stm32l4xx.c ****   *        PLLSAI1_R                              | NA
  57:Drivers/CMSIS/Device/ST/STM32L4xx/Source/Templates/system_stm32l4xx.c ****   *-----------------------------------------------------------------------------
  58:Drivers/CMSIS/Device/ST/STM32L4xx/Source/Templates/system_stm32l4xx.c ****   *        PLLSAI2_P                              | NA
  59:Drivers/CMSIS/Device/ST/STM32L4xx/Source/Templates/system_stm32l4xx.c ****   *-----------------------------------------------------------------------------
  60:Drivers/CMSIS/Device/ST/STM32L4xx/Source/Templates/system_stm32l4xx.c ****   *        PLLSAI2_Q                              | NA
  61:Drivers/CMSIS/Device/ST/STM32L4xx/Source/Templates/system_stm32l4xx.c ****   *-----------------------------------------------------------------------------
  62:Drivers/CMSIS/Device/ST/STM32L4xx/Source/Templates/system_stm32l4xx.c ****   *        PLLSAI2_R                              | NA
  63:Drivers/CMSIS/Device/ST/STM32L4xx/Source/Templates/system_stm32l4xx.c ****   *-----------------------------------------------------------------------------
  64:Drivers/CMSIS/Device/ST/STM32L4xx/Source/Templates/system_stm32l4xx.c ****   *        Require 48MHz for USB OTG FS,          | Disabled
  65:Drivers/CMSIS/Device/ST/STM32L4xx/Source/Templates/system_stm32l4xx.c ****   *        SDIO and RNG clock                     |
  66:Drivers/CMSIS/Device/ST/STM32L4xx/Source/Templates/system_stm32l4xx.c ****   *-----------------------------------------------------------------------------
  67:Drivers/CMSIS/Device/ST/STM32L4xx/Source/Templates/system_stm32l4xx.c ****   *=============================================================================
  68:Drivers/CMSIS/Device/ST/STM32L4xx/Source/Templates/system_stm32l4xx.c ****   ******************************************************************************
  69:Drivers/CMSIS/Device/ST/STM32L4xx/Source/Templates/system_stm32l4xx.c ****   * @attention
  70:Drivers/CMSIS/Device/ST/STM32L4xx/Source/Templates/system_stm32l4xx.c ****   *
  71:Drivers/CMSIS/Device/ST/STM32L4xx/Source/Templates/system_stm32l4xx.c ****   * <h2><center>&copy; COPYRIGHT(c) 2016 STMicroelectronics</center></h2>
  72:Drivers/CMSIS/Device/ST/STM32L4xx/Source/Templates/system_stm32l4xx.c ****   *
  73:Drivers/CMSIS/Device/ST/STM32L4xx/Source/Templates/system_stm32l4xx.c ****   * Redistribution and use in source and binary forms, with or without modification,
  74:Drivers/CMSIS/Device/ST/STM32L4xx/Source/Templates/system_stm32l4xx.c ****   * are permitted provided that the following conditions are met:
  75:Drivers/CMSIS/Device/ST/STM32L4xx/Source/Templates/system_stm32l4xx.c ****   *   1. Redistributions of source code must retain the above copyright notice,
  76:Drivers/CMSIS/Device/ST/STM32L4xx/Source/Templates/system_stm32l4xx.c ****   *      this list of conditions and the following disclaimer.
  77:Drivers/CMSIS/Device/ST/STM32L4xx/Source/Templates/system_stm32l4xx.c ****   *   2. Redistributions in binary form must reproduce the above copyright notice,
  78:Drivers/CMSIS/Device/ST/STM32L4xx/Source/Templates/system_stm32l4xx.c ****   *      this list of conditions and the following disclaimer in the documentation
  79:Drivers/CMSIS/Device/ST/STM32L4xx/Source/Templates/system_stm32l4xx.c ****   *      and/or other materials provided with the distribution.
  80:Drivers/CMSIS/Device/ST/STM32L4xx/Source/Templates/system_stm32l4xx.c ****   *   3. Neither the name of STMicroelectronics nor the names of its contributors
  81:Drivers/CMSIS/Device/ST/STM32L4xx/Source/Templates/system_stm32l4xx.c ****   *      may be used to endorse or promote products derived from this software
  82:Drivers/CMSIS/Device/ST/STM32L4xx/Source/Templates/system_stm32l4xx.c ****   *      without specific prior written permission.
  83:Drivers/CMSIS/Device/ST/STM32L4xx/Source/Templates/system_stm32l4xx.c ****   *
  84:Drivers/CMSIS/Device/ST/STM32L4xx/Source/Templates/system_stm32l4xx.c ****   * THIS SOFTWARE IS PROVIDED BY THE COPYRIGHT HOLDERS AND CONTRIBUTORS "AS IS"
  85:Drivers/CMSIS/Device/ST/STM32L4xx/Source/Templates/system_stm32l4xx.c ****   * AND ANY EXPRESS OR IMPLIED WARRANTIES, INCLUDING, BUT NOT LIMITED TO, THE
  86:Drivers/CMSIS/Device/ST/STM32L4xx/Source/Templates/system_stm32l4xx.c ****   * IMPLIED WARRANTIES OF MERCHANTABILITY AND FITNESS FOR A PARTICULAR PURPOSE ARE
  87:Drivers/CMSIS/Device/ST/STM32L4xx/Source/Templates/system_stm32l4xx.c ****   * DISCLAIMED. IN NO EVENT SHALL THE COPYRIGHT HOLDER OR CONTRIBUTORS BE LIABLE
  88:Drivers/CMSIS/Device/ST/STM32L4xx/Source/Templates/system_stm32l4xx.c ****   * FOR ANY DIRECT, INDIRECT, INCIDENTAL, SPECIAL, EXEMPLARY, OR CONSEQUENTIAL
  89:Drivers/CMSIS/Device/ST/STM32L4xx/Source/Templates/system_stm32l4xx.c ****   * DAMAGES (INCLUDING, BUT NOT LIMITED TO, PROCUREMENT OF SUBSTITUTE GOODS OR
  90:Drivers/CMSIS/Device/ST/STM32L4xx/Source/Templates/system_stm32l4xx.c ****   * SERVICES; LOSS OF USE, DATA, OR PROFITS; OR BUSINESS INTERRUPTION) HOWEVER
  91:Drivers/CMSIS/Device/ST/STM32L4xx/Source/Templates/system_stm32l4xx.c ****   * CAUSED AND ON ANY THEORY OF LIABILITY, WHETHER IN CONTRACT, STRICT LIABILITY,
  92:Drivers/CMSIS/Device/ST/STM32L4xx/Source/Templates/system_stm32l4xx.c ****   * OR TORT (INCLUDING NEGLIGENCE OR OTHERWISE) ARISING IN ANY WAY OUT OF THE USE
ARM GAS  /tmp/ccwoXIBx.s 			page 4


  93:Drivers/CMSIS/Device/ST/STM32L4xx/Source/Templates/system_stm32l4xx.c ****   * OF THIS SOFTWARE, EVEN IF ADVISED OF THE POSSIBILITY OF SUCH DAMAGE.
  94:Drivers/CMSIS/Device/ST/STM32L4xx/Source/Templates/system_stm32l4xx.c ****   *
  95:Drivers/CMSIS/Device/ST/STM32L4xx/Source/Templates/system_stm32l4xx.c ****   ******************************************************************************
  96:Drivers/CMSIS/Device/ST/STM32L4xx/Source/Templates/system_stm32l4xx.c ****   */
  97:Drivers/CMSIS/Device/ST/STM32L4xx/Source/Templates/system_stm32l4xx.c **** 
  98:Drivers/CMSIS/Device/ST/STM32L4xx/Source/Templates/system_stm32l4xx.c **** /** @addtogroup CMSIS
  99:Drivers/CMSIS/Device/ST/STM32L4xx/Source/Templates/system_stm32l4xx.c ****   * @{
 100:Drivers/CMSIS/Device/ST/STM32L4xx/Source/Templates/system_stm32l4xx.c ****   */
 101:Drivers/CMSIS/Device/ST/STM32L4xx/Source/Templates/system_stm32l4xx.c **** 
 102:Drivers/CMSIS/Device/ST/STM32L4xx/Source/Templates/system_stm32l4xx.c **** /** @addtogroup stm32l4xx_system
 103:Drivers/CMSIS/Device/ST/STM32L4xx/Source/Templates/system_stm32l4xx.c ****   * @{
 104:Drivers/CMSIS/Device/ST/STM32L4xx/Source/Templates/system_stm32l4xx.c ****   */
 105:Drivers/CMSIS/Device/ST/STM32L4xx/Source/Templates/system_stm32l4xx.c **** 
 106:Drivers/CMSIS/Device/ST/STM32L4xx/Source/Templates/system_stm32l4xx.c **** /** @addtogroup STM32L4xx_System_Private_Includes
 107:Drivers/CMSIS/Device/ST/STM32L4xx/Source/Templates/system_stm32l4xx.c ****   * @{
 108:Drivers/CMSIS/Device/ST/STM32L4xx/Source/Templates/system_stm32l4xx.c ****   */
 109:Drivers/CMSIS/Device/ST/STM32L4xx/Source/Templates/system_stm32l4xx.c **** 
 110:Drivers/CMSIS/Device/ST/STM32L4xx/Source/Templates/system_stm32l4xx.c **** #include "stm32l4xx.h"
 111:Drivers/CMSIS/Device/ST/STM32L4xx/Source/Templates/system_stm32l4xx.c **** 
 112:Drivers/CMSIS/Device/ST/STM32L4xx/Source/Templates/system_stm32l4xx.c **** #if !defined  (HSE_VALUE)
 113:Drivers/CMSIS/Device/ST/STM32L4xx/Source/Templates/system_stm32l4xx.c ****   #define HSE_VALUE    ((uint32_t)8000000) /*!< Value of the External oscillator in Hz */
 114:Drivers/CMSIS/Device/ST/STM32L4xx/Source/Templates/system_stm32l4xx.c **** #endif /* HSE_VALUE */
 115:Drivers/CMSIS/Device/ST/STM32L4xx/Source/Templates/system_stm32l4xx.c **** 
 116:Drivers/CMSIS/Device/ST/STM32L4xx/Source/Templates/system_stm32l4xx.c **** #if !defined  (MSI_VALUE)
 117:Drivers/CMSIS/Device/ST/STM32L4xx/Source/Templates/system_stm32l4xx.c ****   #define MSI_VALUE    ((uint32_t)4000000) /*!< Value of the Internal oscillator in Hz*/
 118:Drivers/CMSIS/Device/ST/STM32L4xx/Source/Templates/system_stm32l4xx.c **** #endif /* MSI_VALUE */
 119:Drivers/CMSIS/Device/ST/STM32L4xx/Source/Templates/system_stm32l4xx.c **** 
 120:Drivers/CMSIS/Device/ST/STM32L4xx/Source/Templates/system_stm32l4xx.c **** #if !defined  (HSI_VALUE)
 121:Drivers/CMSIS/Device/ST/STM32L4xx/Source/Templates/system_stm32l4xx.c ****   #define HSI_VALUE    ((uint32_t)16000000) /*!< Value of the Internal oscillator in Hz*/
 122:Drivers/CMSIS/Device/ST/STM32L4xx/Source/Templates/system_stm32l4xx.c **** #endif /* HSI_VALUE */
 123:Drivers/CMSIS/Device/ST/STM32L4xx/Source/Templates/system_stm32l4xx.c **** 
 124:Drivers/CMSIS/Device/ST/STM32L4xx/Source/Templates/system_stm32l4xx.c **** /**
 125:Drivers/CMSIS/Device/ST/STM32L4xx/Source/Templates/system_stm32l4xx.c ****   * @}
 126:Drivers/CMSIS/Device/ST/STM32L4xx/Source/Templates/system_stm32l4xx.c ****   */
 127:Drivers/CMSIS/Device/ST/STM32L4xx/Source/Templates/system_stm32l4xx.c **** 
 128:Drivers/CMSIS/Device/ST/STM32L4xx/Source/Templates/system_stm32l4xx.c **** /** @addtogroup STM32L4xx_System_Private_TypesDefinitions
 129:Drivers/CMSIS/Device/ST/STM32L4xx/Source/Templates/system_stm32l4xx.c ****   * @{
 130:Drivers/CMSIS/Device/ST/STM32L4xx/Source/Templates/system_stm32l4xx.c ****   */
 131:Drivers/CMSIS/Device/ST/STM32L4xx/Source/Templates/system_stm32l4xx.c **** 
 132:Drivers/CMSIS/Device/ST/STM32L4xx/Source/Templates/system_stm32l4xx.c **** /**
 133:Drivers/CMSIS/Device/ST/STM32L4xx/Source/Templates/system_stm32l4xx.c ****   * @}
 134:Drivers/CMSIS/Device/ST/STM32L4xx/Source/Templates/system_stm32l4xx.c ****   */
 135:Drivers/CMSIS/Device/ST/STM32L4xx/Source/Templates/system_stm32l4xx.c **** 
 136:Drivers/CMSIS/Device/ST/STM32L4xx/Source/Templates/system_stm32l4xx.c **** /** @addtogroup STM32L4xx_System_Private_Defines
 137:Drivers/CMSIS/Device/ST/STM32L4xx/Source/Templates/system_stm32l4xx.c ****   * @{
 138:Drivers/CMSIS/Device/ST/STM32L4xx/Source/Templates/system_stm32l4xx.c ****   */
 139:Drivers/CMSIS/Device/ST/STM32L4xx/Source/Templates/system_stm32l4xx.c **** 
 140:Drivers/CMSIS/Device/ST/STM32L4xx/Source/Templates/system_stm32l4xx.c **** /************************* Miscellaneous Configuration ************************/
 141:Drivers/CMSIS/Device/ST/STM32L4xx/Source/Templates/system_stm32l4xx.c **** /*!< Uncomment the following line if you need to relocate your vector Table in
 142:Drivers/CMSIS/Device/ST/STM32L4xx/Source/Templates/system_stm32l4xx.c ****      Internal SRAM. */
 143:Drivers/CMSIS/Device/ST/STM32L4xx/Source/Templates/system_stm32l4xx.c **** /* #define VECT_TAB_SRAM */
 144:Drivers/CMSIS/Device/ST/STM32L4xx/Source/Templates/system_stm32l4xx.c **** #define VECT_TAB_OFFSET  0x00 /*!< Vector Table base offset field.
 145:Drivers/CMSIS/Device/ST/STM32L4xx/Source/Templates/system_stm32l4xx.c ****                                    This value must be a multiple of 0x200. */
 146:Drivers/CMSIS/Device/ST/STM32L4xx/Source/Templates/system_stm32l4xx.c **** /******************************************************************************/
 147:Drivers/CMSIS/Device/ST/STM32L4xx/Source/Templates/system_stm32l4xx.c **** /**
 148:Drivers/CMSIS/Device/ST/STM32L4xx/Source/Templates/system_stm32l4xx.c ****   * @}
 149:Drivers/CMSIS/Device/ST/STM32L4xx/Source/Templates/system_stm32l4xx.c ****   */
ARM GAS  /tmp/ccwoXIBx.s 			page 5


 150:Drivers/CMSIS/Device/ST/STM32L4xx/Source/Templates/system_stm32l4xx.c **** 
 151:Drivers/CMSIS/Device/ST/STM32L4xx/Source/Templates/system_stm32l4xx.c **** /** @addtogroup STM32L4xx_System_Private_Macros
 152:Drivers/CMSIS/Device/ST/STM32L4xx/Source/Templates/system_stm32l4xx.c ****   * @{
 153:Drivers/CMSIS/Device/ST/STM32L4xx/Source/Templates/system_stm32l4xx.c ****   */
 154:Drivers/CMSIS/Device/ST/STM32L4xx/Source/Templates/system_stm32l4xx.c **** 
 155:Drivers/CMSIS/Device/ST/STM32L4xx/Source/Templates/system_stm32l4xx.c **** /**
 156:Drivers/CMSIS/Device/ST/STM32L4xx/Source/Templates/system_stm32l4xx.c ****   * @}
 157:Drivers/CMSIS/Device/ST/STM32L4xx/Source/Templates/system_stm32l4xx.c ****   */
 158:Drivers/CMSIS/Device/ST/STM32L4xx/Source/Templates/system_stm32l4xx.c **** 
 159:Drivers/CMSIS/Device/ST/STM32L4xx/Source/Templates/system_stm32l4xx.c **** /** @addtogroup STM32L4xx_System_Private_Variables
 160:Drivers/CMSIS/Device/ST/STM32L4xx/Source/Templates/system_stm32l4xx.c ****   * @{
 161:Drivers/CMSIS/Device/ST/STM32L4xx/Source/Templates/system_stm32l4xx.c ****   */
 162:Drivers/CMSIS/Device/ST/STM32L4xx/Source/Templates/system_stm32l4xx.c ****   /* The SystemCoreClock variable is updated in three ways:
 163:Drivers/CMSIS/Device/ST/STM32L4xx/Source/Templates/system_stm32l4xx.c ****       1) by calling CMSIS function SystemCoreClockUpdate()
 164:Drivers/CMSIS/Device/ST/STM32L4xx/Source/Templates/system_stm32l4xx.c ****       2) by calling HAL API function HAL_RCC_GetHCLKFreq()
 165:Drivers/CMSIS/Device/ST/STM32L4xx/Source/Templates/system_stm32l4xx.c ****       3) each time HAL_RCC_ClockConfig() is called to configure the system clock frequency
 166:Drivers/CMSIS/Device/ST/STM32L4xx/Source/Templates/system_stm32l4xx.c ****          Note: If you use this function to configure the system clock; then there
 167:Drivers/CMSIS/Device/ST/STM32L4xx/Source/Templates/system_stm32l4xx.c ****                is no need to call the 2 first functions listed above, since SystemCoreClock
 168:Drivers/CMSIS/Device/ST/STM32L4xx/Source/Templates/system_stm32l4xx.c ****                variable is updated automatically.
 169:Drivers/CMSIS/Device/ST/STM32L4xx/Source/Templates/system_stm32l4xx.c ****   */
 170:Drivers/CMSIS/Device/ST/STM32L4xx/Source/Templates/system_stm32l4xx.c ****   uint32_t SystemCoreClock = 4000000;
 171:Drivers/CMSIS/Device/ST/STM32L4xx/Source/Templates/system_stm32l4xx.c **** 
 172:Drivers/CMSIS/Device/ST/STM32L4xx/Source/Templates/system_stm32l4xx.c ****   const uint8_t  AHBPrescTable[16] = {0, 0, 0, 0, 0, 0, 0, 0, 1, 2, 3, 4, 6, 7, 8, 9};
 173:Drivers/CMSIS/Device/ST/STM32L4xx/Source/Templates/system_stm32l4xx.c ****   const uint8_t  APBPrescTable[8] =  {0, 0, 0, 0, 1, 2, 3, 4};
 174:Drivers/CMSIS/Device/ST/STM32L4xx/Source/Templates/system_stm32l4xx.c ****   const uint32_t MSIRangeTable[12] = {100000, 200000, 400000, 800000, 1000000, 2000000, \
 175:Drivers/CMSIS/Device/ST/STM32L4xx/Source/Templates/system_stm32l4xx.c ****                                       4000000, 8000000, 16000000, 24000000, 32000000, 48000000};
 176:Drivers/CMSIS/Device/ST/STM32L4xx/Source/Templates/system_stm32l4xx.c **** /**
 177:Drivers/CMSIS/Device/ST/STM32L4xx/Source/Templates/system_stm32l4xx.c ****   * @}
 178:Drivers/CMSIS/Device/ST/STM32L4xx/Source/Templates/system_stm32l4xx.c ****   */
 179:Drivers/CMSIS/Device/ST/STM32L4xx/Source/Templates/system_stm32l4xx.c **** 
 180:Drivers/CMSIS/Device/ST/STM32L4xx/Source/Templates/system_stm32l4xx.c **** /** @addtogroup STM32L4xx_System_Private_FunctionPrototypes
 181:Drivers/CMSIS/Device/ST/STM32L4xx/Source/Templates/system_stm32l4xx.c ****   * @{
 182:Drivers/CMSIS/Device/ST/STM32L4xx/Source/Templates/system_stm32l4xx.c ****   */
 183:Drivers/CMSIS/Device/ST/STM32L4xx/Source/Templates/system_stm32l4xx.c **** 
 184:Drivers/CMSIS/Device/ST/STM32L4xx/Source/Templates/system_stm32l4xx.c **** /**
 185:Drivers/CMSIS/Device/ST/STM32L4xx/Source/Templates/system_stm32l4xx.c ****   * @}
 186:Drivers/CMSIS/Device/ST/STM32L4xx/Source/Templates/system_stm32l4xx.c ****   */
 187:Drivers/CMSIS/Device/ST/STM32L4xx/Source/Templates/system_stm32l4xx.c **** 
 188:Drivers/CMSIS/Device/ST/STM32L4xx/Source/Templates/system_stm32l4xx.c **** /** @addtogroup STM32L4xx_System_Private_Functions
 189:Drivers/CMSIS/Device/ST/STM32L4xx/Source/Templates/system_stm32l4xx.c ****   * @{
 190:Drivers/CMSIS/Device/ST/STM32L4xx/Source/Templates/system_stm32l4xx.c ****   */
 191:Drivers/CMSIS/Device/ST/STM32L4xx/Source/Templates/system_stm32l4xx.c **** 
 192:Drivers/CMSIS/Device/ST/STM32L4xx/Source/Templates/system_stm32l4xx.c **** /**
 193:Drivers/CMSIS/Device/ST/STM32L4xx/Source/Templates/system_stm32l4xx.c ****   * @brief  Setup the microcontroller system.
 194:Drivers/CMSIS/Device/ST/STM32L4xx/Source/Templates/system_stm32l4xx.c ****   * @param  None
 195:Drivers/CMSIS/Device/ST/STM32L4xx/Source/Templates/system_stm32l4xx.c ****   * @retval None
 196:Drivers/CMSIS/Device/ST/STM32L4xx/Source/Templates/system_stm32l4xx.c ****   */
 197:Drivers/CMSIS/Device/ST/STM32L4xx/Source/Templates/system_stm32l4xx.c **** 
 198:Drivers/CMSIS/Device/ST/STM32L4xx/Source/Templates/system_stm32l4xx.c **** void SystemInit(void)
 199:Drivers/CMSIS/Device/ST/STM32L4xx/Source/Templates/system_stm32l4xx.c **** {
  89              		.loc 1 199 0
  90              		.cfi_startproc
  91              		@ args = 0, pretend = 0, frame = 0
  92              		@ frame_needed = 1, uses_anonymous_args = 0
  93              		@ link register save eliminated.
  94 0000 80B4     		push	{r7}
  95              	.LCFI0:
ARM GAS  /tmp/ccwoXIBx.s 			page 6


  96              		.cfi_def_cfa_offset 4
  97              		.cfi_offset 7, -4
  98 0002 00AF     		add	r7, sp, #0
  99              	.LCFI1:
 100              		.cfi_def_cfa_register 7
 200:Drivers/CMSIS/Device/ST/STM32L4xx/Source/Templates/system_stm32l4xx.c ****   /* FPU settings ------------------------------------------------------------*/
 201:Drivers/CMSIS/Device/ST/STM32L4xx/Source/Templates/system_stm32l4xx.c ****   #if (__FPU_PRESENT == 1) && (__FPU_USED == 1)
 202:Drivers/CMSIS/Device/ST/STM32L4xx/Source/Templates/system_stm32l4xx.c ****     SCB->CPACR |= ((3UL << 10*2)|(3UL << 11*2));  /* set CP10 and CP11 Full Access */
 101              		.loc 1 202 0
 102 0004 174A     		ldr	r2, .L2
 103 0006 174B     		ldr	r3, .L2
 104 0008 D3F88830 		ldr	r3, [r3, #136]
 105 000c 43F47003 		orr	r3, r3, #15728640
 106 0010 C2F88830 		str	r3, [r2, #136]
 203:Drivers/CMSIS/Device/ST/STM32L4xx/Source/Templates/system_stm32l4xx.c ****   #endif
 204:Drivers/CMSIS/Device/ST/STM32L4xx/Source/Templates/system_stm32l4xx.c ****   /* Reset the RCC clock configuration to the default reset state ------------*/
 205:Drivers/CMSIS/Device/ST/STM32L4xx/Source/Templates/system_stm32l4xx.c ****   /* Set MSION bit */
 206:Drivers/CMSIS/Device/ST/STM32L4xx/Source/Templates/system_stm32l4xx.c ****   RCC->CR |= RCC_CR_MSION;
 107              		.loc 1 206 0
 108 0014 144A     		ldr	r2, .L2+4
 109 0016 144B     		ldr	r3, .L2+4
 110 0018 1B68     		ldr	r3, [r3]
 111 001a 43F00103 		orr	r3, r3, #1
 112 001e 1360     		str	r3, [r2]
 207:Drivers/CMSIS/Device/ST/STM32L4xx/Source/Templates/system_stm32l4xx.c **** 
 208:Drivers/CMSIS/Device/ST/STM32L4xx/Source/Templates/system_stm32l4xx.c ****   /* Reset CFGR register */
 209:Drivers/CMSIS/Device/ST/STM32L4xx/Source/Templates/system_stm32l4xx.c ****   RCC->CFGR = 0x00000000;
 113              		.loc 1 209 0
 114 0020 114B     		ldr	r3, .L2+4
 115 0022 0022     		movs	r2, #0
 116 0024 9A60     		str	r2, [r3, #8]
 210:Drivers/CMSIS/Device/ST/STM32L4xx/Source/Templates/system_stm32l4xx.c **** 
 211:Drivers/CMSIS/Device/ST/STM32L4xx/Source/Templates/system_stm32l4xx.c ****   /* Reset HSEON, CSSON , HSION, and PLLON bits */
 212:Drivers/CMSIS/Device/ST/STM32L4xx/Source/Templates/system_stm32l4xx.c ****   RCC->CR &= (uint32_t)0xEAF6FFFF;
 117              		.loc 1 212 0
 118 0026 104A     		ldr	r2, .L2+4
 119 0028 0F4B     		ldr	r3, .L2+4
 120 002a 1B68     		ldr	r3, [r3]
 121 002c 23F0A853 		bic	r3, r3, #352321536
 122 0030 23F41023 		bic	r3, r3, #589824
 123 0034 1360     		str	r3, [r2]
 213:Drivers/CMSIS/Device/ST/STM32L4xx/Source/Templates/system_stm32l4xx.c **** 
 214:Drivers/CMSIS/Device/ST/STM32L4xx/Source/Templates/system_stm32l4xx.c ****   /* Reset PLLCFGR register */
 215:Drivers/CMSIS/Device/ST/STM32L4xx/Source/Templates/system_stm32l4xx.c ****   RCC->PLLCFGR = 0x00001000;
 124              		.loc 1 215 0
 125 0036 0C4B     		ldr	r3, .L2+4
 126 0038 4FF48052 		mov	r2, #4096
 127 003c DA60     		str	r2, [r3, #12]
 216:Drivers/CMSIS/Device/ST/STM32L4xx/Source/Templates/system_stm32l4xx.c **** 
 217:Drivers/CMSIS/Device/ST/STM32L4xx/Source/Templates/system_stm32l4xx.c ****   /* Reset HSEBYP bit */
 218:Drivers/CMSIS/Device/ST/STM32L4xx/Source/Templates/system_stm32l4xx.c ****   RCC->CR &= (uint32_t)0xFFFBFFFF;
 128              		.loc 1 218 0
 129 003e 0A4A     		ldr	r2, .L2+4
 130 0040 094B     		ldr	r3, .L2+4
 131 0042 1B68     		ldr	r3, [r3]
 132 0044 23F48023 		bic	r3, r3, #262144
 133 0048 1360     		str	r3, [r2]
ARM GAS  /tmp/ccwoXIBx.s 			page 7


 219:Drivers/CMSIS/Device/ST/STM32L4xx/Source/Templates/system_stm32l4xx.c **** 
 220:Drivers/CMSIS/Device/ST/STM32L4xx/Source/Templates/system_stm32l4xx.c ****   /* Disable all interrupts */
 221:Drivers/CMSIS/Device/ST/STM32L4xx/Source/Templates/system_stm32l4xx.c ****   RCC->CIER = 0x00000000;
 134              		.loc 1 221 0
 135 004a 074B     		ldr	r3, .L2+4
 136 004c 0022     		movs	r2, #0
 137 004e 9A61     		str	r2, [r3, #24]
 222:Drivers/CMSIS/Device/ST/STM32L4xx/Source/Templates/system_stm32l4xx.c **** 
 223:Drivers/CMSIS/Device/ST/STM32L4xx/Source/Templates/system_stm32l4xx.c ****   /* Configure the Vector Table location add offset address ------------------*/
 224:Drivers/CMSIS/Device/ST/STM32L4xx/Source/Templates/system_stm32l4xx.c **** #ifdef VECT_TAB_SRAM
 225:Drivers/CMSIS/Device/ST/STM32L4xx/Source/Templates/system_stm32l4xx.c ****   SCB->VTOR = SRAM_BASE | VECT_TAB_OFFSET; /* Vector Table Relocation in Internal SRAM */
 226:Drivers/CMSIS/Device/ST/STM32L4xx/Source/Templates/system_stm32l4xx.c **** #else
 227:Drivers/CMSIS/Device/ST/STM32L4xx/Source/Templates/system_stm32l4xx.c ****   SCB->VTOR = FLASH_BASE | VECT_TAB_OFFSET; /* Vector Table Relocation in Internal FLASH */
 138              		.loc 1 227 0
 139 0050 044B     		ldr	r3, .L2
 140 0052 4FF00062 		mov	r2, #134217728
 141 0056 9A60     		str	r2, [r3, #8]
 228:Drivers/CMSIS/Device/ST/STM32L4xx/Source/Templates/system_stm32l4xx.c **** #endif
 229:Drivers/CMSIS/Device/ST/STM32L4xx/Source/Templates/system_stm32l4xx.c **** }
 142              		.loc 1 229 0
 143 0058 00BF     		nop
 144 005a BD46     		mov	sp, r7
 145              	.LCFI2:
 146              		.cfi_def_cfa_register 13
 147              		@ sp needed
 148 005c 5DF8047B 		ldr	r7, [sp], #4
 149              	.LCFI3:
 150              		.cfi_restore 7
 151              		.cfi_def_cfa_offset 0
 152 0060 7047     		bx	lr
 153              	.L3:
 154 0062 00BF     		.align	2
 155              	.L2:
 156 0064 00ED00E0 		.word	-536810240
 157 0068 00100240 		.word	1073876992
 158              		.cfi_endproc
 159              	.LFE126:
 161              		.section	.text.SystemCoreClockUpdate,"ax",%progbits
 162              		.align	1
 163              		.global	SystemCoreClockUpdate
 164              		.syntax unified
 165              		.thumb
 166              		.thumb_func
 167              		.fpu fpv4-sp-d16
 169              	SystemCoreClockUpdate:
 170              	.LFB127:
 230:Drivers/CMSIS/Device/ST/STM32L4xx/Source/Templates/system_stm32l4xx.c **** 
 231:Drivers/CMSIS/Device/ST/STM32L4xx/Source/Templates/system_stm32l4xx.c **** /**
 232:Drivers/CMSIS/Device/ST/STM32L4xx/Source/Templates/system_stm32l4xx.c ****   * @brief  Update SystemCoreClock variable according to Clock Register Values.
 233:Drivers/CMSIS/Device/ST/STM32L4xx/Source/Templates/system_stm32l4xx.c ****   *         The SystemCoreClock variable contains the core clock (HCLK), it can
 234:Drivers/CMSIS/Device/ST/STM32L4xx/Source/Templates/system_stm32l4xx.c ****   *         be used by the user application to setup the SysTick timer or configure
 235:Drivers/CMSIS/Device/ST/STM32L4xx/Source/Templates/system_stm32l4xx.c ****   *         other parameters.
 236:Drivers/CMSIS/Device/ST/STM32L4xx/Source/Templates/system_stm32l4xx.c ****   *
 237:Drivers/CMSIS/Device/ST/STM32L4xx/Source/Templates/system_stm32l4xx.c ****   * @note   Each time the core clock (HCLK) changes, this function must be called
 238:Drivers/CMSIS/Device/ST/STM32L4xx/Source/Templates/system_stm32l4xx.c ****   *         to update SystemCoreClock variable value. Otherwise, any configuration
 239:Drivers/CMSIS/Device/ST/STM32L4xx/Source/Templates/system_stm32l4xx.c ****   *         based on this variable will be incorrect.
 240:Drivers/CMSIS/Device/ST/STM32L4xx/Source/Templates/system_stm32l4xx.c ****   *
ARM GAS  /tmp/ccwoXIBx.s 			page 8


 241:Drivers/CMSIS/Device/ST/STM32L4xx/Source/Templates/system_stm32l4xx.c ****   * @note   - The system frequency computed by this function is not the real
 242:Drivers/CMSIS/Device/ST/STM32L4xx/Source/Templates/system_stm32l4xx.c ****   *           frequency in the chip. It is calculated based on the predefined
 243:Drivers/CMSIS/Device/ST/STM32L4xx/Source/Templates/system_stm32l4xx.c ****   *           constant and the selected clock source:
 244:Drivers/CMSIS/Device/ST/STM32L4xx/Source/Templates/system_stm32l4xx.c ****   *
 245:Drivers/CMSIS/Device/ST/STM32L4xx/Source/Templates/system_stm32l4xx.c ****   *           - If SYSCLK source is MSI, SystemCoreClock will contain the MSI_VALUE(*)
 246:Drivers/CMSIS/Device/ST/STM32L4xx/Source/Templates/system_stm32l4xx.c ****   *
 247:Drivers/CMSIS/Device/ST/STM32L4xx/Source/Templates/system_stm32l4xx.c ****   *           - If SYSCLK source is HSI, SystemCoreClock will contain the HSI_VALUE(**)
 248:Drivers/CMSIS/Device/ST/STM32L4xx/Source/Templates/system_stm32l4xx.c ****   *
 249:Drivers/CMSIS/Device/ST/STM32L4xx/Source/Templates/system_stm32l4xx.c ****   *           - If SYSCLK source is HSE, SystemCoreClock will contain the HSE_VALUE(***)
 250:Drivers/CMSIS/Device/ST/STM32L4xx/Source/Templates/system_stm32l4xx.c ****   *
 251:Drivers/CMSIS/Device/ST/STM32L4xx/Source/Templates/system_stm32l4xx.c ****   *           - If SYSCLK source is PLL, SystemCoreClock will contain the HSE_VALUE(***)
 252:Drivers/CMSIS/Device/ST/STM32L4xx/Source/Templates/system_stm32l4xx.c ****   *             or HSI_VALUE(*) or MSI_VALUE(*) multiplied/divided by the PLL factors.
 253:Drivers/CMSIS/Device/ST/STM32L4xx/Source/Templates/system_stm32l4xx.c ****   *
 254:Drivers/CMSIS/Device/ST/STM32L4xx/Source/Templates/system_stm32l4xx.c ****   *         (*) MSI_VALUE is a constant defined in stm32l4xx_hal.h file (default value
 255:Drivers/CMSIS/Device/ST/STM32L4xx/Source/Templates/system_stm32l4xx.c ****   *             4 MHz) but the real value may vary depending on the variations
 256:Drivers/CMSIS/Device/ST/STM32L4xx/Source/Templates/system_stm32l4xx.c ****   *             in voltage and temperature.
 257:Drivers/CMSIS/Device/ST/STM32L4xx/Source/Templates/system_stm32l4xx.c ****   *
 258:Drivers/CMSIS/Device/ST/STM32L4xx/Source/Templates/system_stm32l4xx.c ****   *         (**) HSI_VALUE is a constant defined in stm32l4xx_hal.h file (default value
 259:Drivers/CMSIS/Device/ST/STM32L4xx/Source/Templates/system_stm32l4xx.c ****   *              16 MHz) but the real value may vary depending on the variations
 260:Drivers/CMSIS/Device/ST/STM32L4xx/Source/Templates/system_stm32l4xx.c ****   *              in voltage and temperature.
 261:Drivers/CMSIS/Device/ST/STM32L4xx/Source/Templates/system_stm32l4xx.c ****   *
 262:Drivers/CMSIS/Device/ST/STM32L4xx/Source/Templates/system_stm32l4xx.c ****   *         (***) HSE_VALUE is a constant defined in stm32l4xx_hal.h file (default value
 263:Drivers/CMSIS/Device/ST/STM32L4xx/Source/Templates/system_stm32l4xx.c ****   *              8 MHz), user has to ensure that HSE_VALUE is same as the real
 264:Drivers/CMSIS/Device/ST/STM32L4xx/Source/Templates/system_stm32l4xx.c ****   *              frequency of the crystal used. Otherwise, this function may
 265:Drivers/CMSIS/Device/ST/STM32L4xx/Source/Templates/system_stm32l4xx.c ****   *              have wrong result.
 266:Drivers/CMSIS/Device/ST/STM32L4xx/Source/Templates/system_stm32l4xx.c ****   *
 267:Drivers/CMSIS/Device/ST/STM32L4xx/Source/Templates/system_stm32l4xx.c ****   *         - The result of this function could be not correct when using fractional
 268:Drivers/CMSIS/Device/ST/STM32L4xx/Source/Templates/system_stm32l4xx.c ****   *           value for HSE crystal.
 269:Drivers/CMSIS/Device/ST/STM32L4xx/Source/Templates/system_stm32l4xx.c ****   *
 270:Drivers/CMSIS/Device/ST/STM32L4xx/Source/Templates/system_stm32l4xx.c ****   * @param  None
 271:Drivers/CMSIS/Device/ST/STM32L4xx/Source/Templates/system_stm32l4xx.c ****   * @retval None
 272:Drivers/CMSIS/Device/ST/STM32L4xx/Source/Templates/system_stm32l4xx.c ****   */
 273:Drivers/CMSIS/Device/ST/STM32L4xx/Source/Templates/system_stm32l4xx.c **** void SystemCoreClockUpdate(void)
 274:Drivers/CMSIS/Device/ST/STM32L4xx/Source/Templates/system_stm32l4xx.c **** {
 171              		.loc 1 274 0
 172              		.cfi_startproc
 173              		@ args = 0, pretend = 0, frame = 24
 174              		@ frame_needed = 1, uses_anonymous_args = 0
 175              		@ link register save eliminated.
 176 0000 80B4     		push	{r7}
 177              	.LCFI4:
 178              		.cfi_def_cfa_offset 4
 179              		.cfi_offset 7, -4
 180 0002 87B0     		sub	sp, sp, #28
 181              	.LCFI5:
 182              		.cfi_def_cfa_offset 32
 183 0004 00AF     		add	r7, sp, #0
 184              	.LCFI6:
 185              		.cfi_def_cfa_register 7
 275:Drivers/CMSIS/Device/ST/STM32L4xx/Source/Templates/system_stm32l4xx.c ****   uint32_t tmp = 0, msirange = 0, pllvco = 0, pllr = 2, pllsource = 0, pllm = 2;
 186              		.loc 1 275 0
 187 0006 0023     		movs	r3, #0
 188 0008 FB60     		str	r3, [r7, #12]
 189 000a 0023     		movs	r3, #0
 190 000c 7B61     		str	r3, [r7, #20]
 191 000e 0023     		movs	r3, #0
 192 0010 3B61     		str	r3, [r7, #16]
ARM GAS  /tmp/ccwoXIBx.s 			page 9


 193 0012 0223     		movs	r3, #2
 194 0014 BB60     		str	r3, [r7, #8]
 195 0016 0023     		movs	r3, #0
 196 0018 7B60     		str	r3, [r7, #4]
 197 001a 0223     		movs	r3, #2
 198 001c 3B60     		str	r3, [r7]
 276:Drivers/CMSIS/Device/ST/STM32L4xx/Source/Templates/system_stm32l4xx.c **** 
 277:Drivers/CMSIS/Device/ST/STM32L4xx/Source/Templates/system_stm32l4xx.c ****   /* Get MSI Range frequency--------------------------------------------------*/
 278:Drivers/CMSIS/Device/ST/STM32L4xx/Source/Templates/system_stm32l4xx.c ****   if((RCC->CR & RCC_CR_MSIRGSEL) == RESET)
 199              		.loc 1 278 0
 200 001e 4F4B     		ldr	r3, .L19
 201 0020 1B68     		ldr	r3, [r3]
 202 0022 03F00803 		and	r3, r3, #8
 203 0026 002B     		cmp	r3, #0
 204 0028 07D1     		bne	.L5
 279:Drivers/CMSIS/Device/ST/STM32L4xx/Source/Templates/system_stm32l4xx.c ****   { /* MSISRANGE from RCC_CSR applies */
 280:Drivers/CMSIS/Device/ST/STM32L4xx/Source/Templates/system_stm32l4xx.c ****     msirange = (RCC->CSR & RCC_CSR_MSISRANGE) >> 8;
 205              		.loc 1 280 0
 206 002a 4C4B     		ldr	r3, .L19
 207 002c D3F89430 		ldr	r3, [r3, #148]
 208 0030 1B0A     		lsrs	r3, r3, #8
 209 0032 03F00F03 		and	r3, r3, #15
 210 0036 7B61     		str	r3, [r7, #20]
 211 0038 05E0     		b	.L6
 212              	.L5:
 281:Drivers/CMSIS/Device/ST/STM32L4xx/Source/Templates/system_stm32l4xx.c ****   }
 282:Drivers/CMSIS/Device/ST/STM32L4xx/Source/Templates/system_stm32l4xx.c ****   else
 283:Drivers/CMSIS/Device/ST/STM32L4xx/Source/Templates/system_stm32l4xx.c ****   { /* MSIRANGE from RCC_CR applies */
 284:Drivers/CMSIS/Device/ST/STM32L4xx/Source/Templates/system_stm32l4xx.c ****     msirange = (RCC->CR & RCC_CR_MSIRANGE) >> 4;
 213              		.loc 1 284 0
 214 003a 484B     		ldr	r3, .L19
 215 003c 1B68     		ldr	r3, [r3]
 216 003e 1B09     		lsrs	r3, r3, #4
 217 0040 03F00F03 		and	r3, r3, #15
 218 0044 7B61     		str	r3, [r7, #20]
 219              	.L6:
 285:Drivers/CMSIS/Device/ST/STM32L4xx/Source/Templates/system_stm32l4xx.c ****   }
 286:Drivers/CMSIS/Device/ST/STM32L4xx/Source/Templates/system_stm32l4xx.c ****   /*MSI frequency range in HZ*/
 287:Drivers/CMSIS/Device/ST/STM32L4xx/Source/Templates/system_stm32l4xx.c ****   msirange = MSIRangeTable[msirange];
 220              		.loc 1 287 0
 221 0046 464A     		ldr	r2, .L19+4
 222 0048 7B69     		ldr	r3, [r7, #20]
 223 004a 52F82330 		ldr	r3, [r2, r3, lsl #2]
 224 004e 7B61     		str	r3, [r7, #20]
 288:Drivers/CMSIS/Device/ST/STM32L4xx/Source/Templates/system_stm32l4xx.c **** 
 289:Drivers/CMSIS/Device/ST/STM32L4xx/Source/Templates/system_stm32l4xx.c ****   /* Get SYSCLK source -------------------------------------------------------*/
 290:Drivers/CMSIS/Device/ST/STM32L4xx/Source/Templates/system_stm32l4xx.c ****   switch (RCC->CFGR & RCC_CFGR_SWS)
 225              		.loc 1 290 0
 226 0050 424B     		ldr	r3, .L19
 227 0052 9B68     		ldr	r3, [r3, #8]
 228 0054 03F00C03 		and	r3, r3, #12
 229 0058 0C2B     		cmp	r3, #12
 230 005a 65D8     		bhi	.L7
 231 005c 01A2     		adr	r2, .L9
 232 005e 52F823F0 		ldr	pc, [r2, r3, lsl #2]
 233 0062 00BF     		.p2align 2
 234              	.L9:
ARM GAS  /tmp/ccwoXIBx.s 			page 10


 235 0064 99000000 		.word	.L8+1
 236 0068 29010000 		.word	.L7+1
 237 006c 29010000 		.word	.L7+1
 238 0070 29010000 		.word	.L7+1
 239 0074 A1000000 		.word	.L10+1
 240 0078 29010000 		.word	.L7+1
 241 007c 29010000 		.word	.L7+1
 242 0080 29010000 		.word	.L7+1
 243 0084 A9000000 		.word	.L11+1
 244 0088 29010000 		.word	.L7+1
 245 008c 29010000 		.word	.L7+1
 246 0090 29010000 		.word	.L7+1
 247 0094 B1000000 		.word	.L12+1
 248              		.p2align 1
 249              	.L8:
 291:Drivers/CMSIS/Device/ST/STM32L4xx/Source/Templates/system_stm32l4xx.c ****   {
 292:Drivers/CMSIS/Device/ST/STM32L4xx/Source/Templates/system_stm32l4xx.c ****     case 0x00:  /* MSI used as system clock source */
 293:Drivers/CMSIS/Device/ST/STM32L4xx/Source/Templates/system_stm32l4xx.c ****       SystemCoreClock = msirange;
 250              		.loc 1 293 0
 251 0098 324A     		ldr	r2, .L19+8
 252 009a 7B69     		ldr	r3, [r7, #20]
 253 009c 1360     		str	r3, [r2]
 294:Drivers/CMSIS/Device/ST/STM32L4xx/Source/Templates/system_stm32l4xx.c ****       break;
 254              		.loc 1 294 0
 255 009e 47E0     		b	.L13
 256              	.L10:
 295:Drivers/CMSIS/Device/ST/STM32L4xx/Source/Templates/system_stm32l4xx.c **** 
 296:Drivers/CMSIS/Device/ST/STM32L4xx/Source/Templates/system_stm32l4xx.c ****     case 0x04:  /* HSI used as system clock source */
 297:Drivers/CMSIS/Device/ST/STM32L4xx/Source/Templates/system_stm32l4xx.c ****       SystemCoreClock = HSI_VALUE;
 257              		.loc 1 297 0
 258 00a0 304B     		ldr	r3, .L19+8
 259 00a2 314A     		ldr	r2, .L19+12
 260 00a4 1A60     		str	r2, [r3]
 298:Drivers/CMSIS/Device/ST/STM32L4xx/Source/Templates/system_stm32l4xx.c ****       break;
 261              		.loc 1 298 0
 262 00a6 43E0     		b	.L13
 263              	.L11:
 299:Drivers/CMSIS/Device/ST/STM32L4xx/Source/Templates/system_stm32l4xx.c **** 
 300:Drivers/CMSIS/Device/ST/STM32L4xx/Source/Templates/system_stm32l4xx.c ****     case 0x08:  /* HSE used as system clock source */
 301:Drivers/CMSIS/Device/ST/STM32L4xx/Source/Templates/system_stm32l4xx.c ****       SystemCoreClock = HSE_VALUE;
 264              		.loc 1 301 0
 265 00a8 2E4B     		ldr	r3, .L19+8
 266 00aa 304A     		ldr	r2, .L19+16
 267 00ac 1A60     		str	r2, [r3]
 302:Drivers/CMSIS/Device/ST/STM32L4xx/Source/Templates/system_stm32l4xx.c ****       break;
 268              		.loc 1 302 0
 269 00ae 3FE0     		b	.L13
 270              	.L12:
 303:Drivers/CMSIS/Device/ST/STM32L4xx/Source/Templates/system_stm32l4xx.c **** 
 304:Drivers/CMSIS/Device/ST/STM32L4xx/Source/Templates/system_stm32l4xx.c ****     case 0x0C:  /* PLL used as system clock  source */
 305:Drivers/CMSIS/Device/ST/STM32L4xx/Source/Templates/system_stm32l4xx.c ****       /* PLL_VCO = (HSE_VALUE or HSI_VALUE or MSI_VALUE/ PLLM) * PLLN
 306:Drivers/CMSIS/Device/ST/STM32L4xx/Source/Templates/system_stm32l4xx.c ****          SYSCLK = PLL_VCO / PLLR
 307:Drivers/CMSIS/Device/ST/STM32L4xx/Source/Templates/system_stm32l4xx.c ****          */
 308:Drivers/CMSIS/Device/ST/STM32L4xx/Source/Templates/system_stm32l4xx.c ****       pllsource = (RCC->PLLCFGR & RCC_PLLCFGR_PLLSRC);
 271              		.loc 1 308 0
 272 00b0 2A4B     		ldr	r3, .L19
 273 00b2 DB68     		ldr	r3, [r3, #12]
ARM GAS  /tmp/ccwoXIBx.s 			page 11


 274 00b4 03F00303 		and	r3, r3, #3
 275 00b8 7B60     		str	r3, [r7, #4]
 309:Drivers/CMSIS/Device/ST/STM32L4xx/Source/Templates/system_stm32l4xx.c ****       pllm = ((RCC->PLLCFGR & RCC_PLLCFGR_PLLM) >> 4) + 1 ;
 276              		.loc 1 309 0
 277 00ba 284B     		ldr	r3, .L19
 278 00bc DB68     		ldr	r3, [r3, #12]
 279 00be 1B09     		lsrs	r3, r3, #4
 280 00c0 03F00703 		and	r3, r3, #7
 281 00c4 0133     		adds	r3, r3, #1
 282 00c6 3B60     		str	r3, [r7]
 310:Drivers/CMSIS/Device/ST/STM32L4xx/Source/Templates/system_stm32l4xx.c **** 
 311:Drivers/CMSIS/Device/ST/STM32L4xx/Source/Templates/system_stm32l4xx.c ****       switch (pllsource)
 283              		.loc 1 311 0
 284 00c8 7B68     		ldr	r3, [r7, #4]
 285 00ca 022B     		cmp	r3, #2
 286 00cc 02D0     		beq	.L15
 287 00ce 032B     		cmp	r3, #3
 288 00d0 06D0     		beq	.L16
 289 00d2 0BE0     		b	.L18
 290              	.L15:
 312:Drivers/CMSIS/Device/ST/STM32L4xx/Source/Templates/system_stm32l4xx.c ****       {
 313:Drivers/CMSIS/Device/ST/STM32L4xx/Source/Templates/system_stm32l4xx.c ****         case 0x02:  /* HSI used as PLL clock source */
 314:Drivers/CMSIS/Device/ST/STM32L4xx/Source/Templates/system_stm32l4xx.c ****           pllvco = (HSI_VALUE / pllm);
 291              		.loc 1 314 0
 292 00d4 244A     		ldr	r2, .L19+12
 293 00d6 3B68     		ldr	r3, [r7]
 294 00d8 B2FBF3F3 		udiv	r3, r2, r3
 295 00dc 3B61     		str	r3, [r7, #16]
 315:Drivers/CMSIS/Device/ST/STM32L4xx/Source/Templates/system_stm32l4xx.c ****           break;
 296              		.loc 1 315 0
 297 00de 0BE0     		b	.L17
 298              	.L16:
 316:Drivers/CMSIS/Device/ST/STM32L4xx/Source/Templates/system_stm32l4xx.c **** 
 317:Drivers/CMSIS/Device/ST/STM32L4xx/Source/Templates/system_stm32l4xx.c ****         case 0x03:  /* HSE used as PLL clock source */
 318:Drivers/CMSIS/Device/ST/STM32L4xx/Source/Templates/system_stm32l4xx.c ****           pllvco = (HSE_VALUE / pllm);
 299              		.loc 1 318 0
 300 00e0 224A     		ldr	r2, .L19+16
 301 00e2 3B68     		ldr	r3, [r7]
 302 00e4 B2FBF3F3 		udiv	r3, r2, r3
 303 00e8 3B61     		str	r3, [r7, #16]
 319:Drivers/CMSIS/Device/ST/STM32L4xx/Source/Templates/system_stm32l4xx.c ****           break;
 304              		.loc 1 319 0
 305 00ea 05E0     		b	.L17
 306              	.L18:
 320:Drivers/CMSIS/Device/ST/STM32L4xx/Source/Templates/system_stm32l4xx.c **** 
 321:Drivers/CMSIS/Device/ST/STM32L4xx/Source/Templates/system_stm32l4xx.c ****         default:    /* MSI used as PLL clock source */
 322:Drivers/CMSIS/Device/ST/STM32L4xx/Source/Templates/system_stm32l4xx.c ****           pllvco = (msirange / pllm);
 307              		.loc 1 322 0
 308 00ec 7A69     		ldr	r2, [r7, #20]
 309 00ee 3B68     		ldr	r3, [r7]
 310 00f0 B2FBF3F3 		udiv	r3, r2, r3
 311 00f4 3B61     		str	r3, [r7, #16]
 323:Drivers/CMSIS/Device/ST/STM32L4xx/Source/Templates/system_stm32l4xx.c ****           break;
 312              		.loc 1 323 0
 313 00f6 00BF     		nop
 314              	.L17:
 324:Drivers/CMSIS/Device/ST/STM32L4xx/Source/Templates/system_stm32l4xx.c ****       }
ARM GAS  /tmp/ccwoXIBx.s 			page 12


 325:Drivers/CMSIS/Device/ST/STM32L4xx/Source/Templates/system_stm32l4xx.c ****       pllvco = pllvco * ((RCC->PLLCFGR & RCC_PLLCFGR_PLLN) >> 8);
 315              		.loc 1 325 0
 316 00f8 184B     		ldr	r3, .L19
 317 00fa DB68     		ldr	r3, [r3, #12]
 318 00fc 1B0A     		lsrs	r3, r3, #8
 319 00fe 03F07F02 		and	r2, r3, #127
 320 0102 3B69     		ldr	r3, [r7, #16]
 321 0104 02FB03F3 		mul	r3, r2, r3
 322 0108 3B61     		str	r3, [r7, #16]
 326:Drivers/CMSIS/Device/ST/STM32L4xx/Source/Templates/system_stm32l4xx.c ****       pllr = (((RCC->PLLCFGR & RCC_PLLCFGR_PLLR) >> 25) + 1) * 2;
 323              		.loc 1 326 0
 324 010a 144B     		ldr	r3, .L19
 325 010c DB68     		ldr	r3, [r3, #12]
 326 010e 5B0E     		lsrs	r3, r3, #25
 327 0110 03F00303 		and	r3, r3, #3
 328 0114 0133     		adds	r3, r3, #1
 329 0116 5B00     		lsls	r3, r3, #1
 330 0118 BB60     		str	r3, [r7, #8]
 327:Drivers/CMSIS/Device/ST/STM32L4xx/Source/Templates/system_stm32l4xx.c ****       SystemCoreClock = pllvco/pllr;
 331              		.loc 1 327 0
 332 011a 3A69     		ldr	r2, [r7, #16]
 333 011c BB68     		ldr	r3, [r7, #8]
 334 011e B2FBF3F3 		udiv	r3, r2, r3
 335 0122 104A     		ldr	r2, .L19+8
 336 0124 1360     		str	r3, [r2]
 328:Drivers/CMSIS/Device/ST/STM32L4xx/Source/Templates/system_stm32l4xx.c ****       break;
 337              		.loc 1 328 0
 338 0126 03E0     		b	.L13
 339              	.L7:
 329:Drivers/CMSIS/Device/ST/STM32L4xx/Source/Templates/system_stm32l4xx.c **** 
 330:Drivers/CMSIS/Device/ST/STM32L4xx/Source/Templates/system_stm32l4xx.c ****     default:
 331:Drivers/CMSIS/Device/ST/STM32L4xx/Source/Templates/system_stm32l4xx.c ****       SystemCoreClock = msirange;
 340              		.loc 1 331 0
 341 0128 0E4A     		ldr	r2, .L19+8
 342 012a 7B69     		ldr	r3, [r7, #20]
 343 012c 1360     		str	r3, [r2]
 332:Drivers/CMSIS/Device/ST/STM32L4xx/Source/Templates/system_stm32l4xx.c ****       break;
 344              		.loc 1 332 0
 345 012e 00BF     		nop
 346              	.L13:
 333:Drivers/CMSIS/Device/ST/STM32L4xx/Source/Templates/system_stm32l4xx.c ****   }
 334:Drivers/CMSIS/Device/ST/STM32L4xx/Source/Templates/system_stm32l4xx.c ****   /* Compute HCLK clock frequency --------------------------------------------*/
 335:Drivers/CMSIS/Device/ST/STM32L4xx/Source/Templates/system_stm32l4xx.c ****   /* Get HCLK prescaler */
 336:Drivers/CMSIS/Device/ST/STM32L4xx/Source/Templates/system_stm32l4xx.c ****   tmp = AHBPrescTable[((RCC->CFGR & RCC_CFGR_HPRE) >> 4)];
 347              		.loc 1 336 0
 348 0130 0A4B     		ldr	r3, .L19
 349 0132 9B68     		ldr	r3, [r3, #8]
 350 0134 1B09     		lsrs	r3, r3, #4
 351 0136 03F00F03 		and	r3, r3, #15
 352 013a 0D4A     		ldr	r2, .L19+20
 353 013c D35C     		ldrb	r3, [r2, r3]	@ zero_extendqisi2
 354 013e FB60     		str	r3, [r7, #12]
 337:Drivers/CMSIS/Device/ST/STM32L4xx/Source/Templates/system_stm32l4xx.c ****   /* HCLK clock frequency */
 338:Drivers/CMSIS/Device/ST/STM32L4xx/Source/Templates/system_stm32l4xx.c ****   SystemCoreClock >>= tmp;
 355              		.loc 1 338 0
 356 0140 084B     		ldr	r3, .L19+8
 357 0142 1A68     		ldr	r2, [r3]
ARM GAS  /tmp/ccwoXIBx.s 			page 13


 358 0144 FB68     		ldr	r3, [r7, #12]
 359 0146 22FA03F3 		lsr	r3, r2, r3
 360 014a 064A     		ldr	r2, .L19+8
 361 014c 1360     		str	r3, [r2]
 339:Drivers/CMSIS/Device/ST/STM32L4xx/Source/Templates/system_stm32l4xx.c **** }
 362              		.loc 1 339 0
 363 014e 00BF     		nop
 364 0150 1C37     		adds	r7, r7, #28
 365              	.LCFI7:
 366              		.cfi_def_cfa_offset 4
 367 0152 BD46     		mov	sp, r7
 368              	.LCFI8:
 369              		.cfi_def_cfa_register 13
 370              		@ sp needed
 371 0154 5DF8047B 		ldr	r7, [sp], #4
 372              	.LCFI9:
 373              		.cfi_restore 7
 374              		.cfi_def_cfa_offset 0
 375 0158 7047     		bx	lr
 376              	.L20:
 377 015a 00BF     		.align	2
 378              	.L19:
 379 015c 00100240 		.word	1073876992
 380 0160 00000000 		.word	MSIRangeTable
 381 0164 00000000 		.word	SystemCoreClock
 382 0168 0024F400 		.word	16000000
 383 016c 00127A00 		.word	8000000
 384 0170 00000000 		.word	AHBPrescTable
 385              		.cfi_endproc
 386              	.LFE127:
 388              		.text
 389              	.Letext0:
 390              		.file 2 "/usr/arm-none-eabi/include/machine/_default_types.h"
 391              		.file 3 "/usr/arm-none-eabi/include/sys/_stdint.h"
 392              		.file 4 "Drivers/CMSIS/Include/core_cm4.h"
 393              		.file 5 "Drivers/CMSIS/Device/ST/STM32L4xx/Include/system_stm32l4xx.h"
 394              		.file 6 "Drivers/CMSIS/Device/ST/STM32L4xx/Include/stm32l476xx.h"
 395              		.file 7 "/usr/arm-none-eabi/include/sys/lock.h"
 396              		.file 8 "/usr/arm-none-eabi/include/sys/_types.h"
 397              		.file 9 "/usr/lib/gcc/arm-none-eabi/6.2.0/include/stddef.h"
 398              		.file 10 "/usr/arm-none-eabi/include/sys/reent.h"
 399              		.file 11 "Drivers/CMSIS/Device/ST/STM32L4xx/Include/stm32l4xx.h"
ARM GAS  /tmp/ccwoXIBx.s 			page 14


DEFINED SYMBOLS
                            *ABS*:0000000000000000 system_stm32l4xx.c
     /tmp/ccwoXIBx.s:22     .data.SystemCoreClock:0000000000000000 SystemCoreClock
     /tmp/ccwoXIBx.s:19     .data.SystemCoreClock:0000000000000000 $d
     /tmp/ccwoXIBx.s:29     .rodata.AHBPrescTable:0000000000000000 AHBPrescTable
     /tmp/ccwoXIBx.s:26     .rodata.AHBPrescTable:0000000000000000 $d
     /tmp/ccwoXIBx.s:51     .rodata.APBPrescTable:0000000000000000 APBPrescTable
     /tmp/ccwoXIBx.s:48     .rodata.APBPrescTable:0000000000000000 $d
     /tmp/ccwoXIBx.s:65     .rodata.MSIRangeTable:0000000000000000 MSIRangeTable
     /tmp/ccwoXIBx.s:62     .rodata.MSIRangeTable:0000000000000000 $d
     /tmp/ccwoXIBx.s:79     .text.SystemInit:0000000000000000 $t
     /tmp/ccwoXIBx.s:86     .text.SystemInit:0000000000000000 SystemInit
     /tmp/ccwoXIBx.s:156    .text.SystemInit:0000000000000064 $d
     /tmp/ccwoXIBx.s:162    .text.SystemCoreClockUpdate:0000000000000000 $t
     /tmp/ccwoXIBx.s:169    .text.SystemCoreClockUpdate:0000000000000000 SystemCoreClockUpdate
     /tmp/ccwoXIBx.s:235    .text.SystemCoreClockUpdate:0000000000000064 $d
     /tmp/ccwoXIBx.s:248    .text.SystemCoreClockUpdate:0000000000000098 $t
     /tmp/ccwoXIBx.s:379    .text.SystemCoreClockUpdate:000000000000015c $d
                     .debug_frame:0000000000000010 $d

NO UNDEFINED SYMBOLS
